[debug] [2024-02-28T18:49:31.523Z] ----------------------------------------------------------------------
[debug] [2024-02-28T18:49:31.524Z] Command:       /usr/local/bin/node /usr/local/bin/firebase deploy --only functions
[debug] [2024-02-28T18:49:31.525Z] CLI Version:   13.3.1
[debug] [2024-02-28T18:49:31.525Z] Platform:      darwin
[debug] [2024-02-28T18:49:31.525Z] Node Version:  v20.11.1
[debug] [2024-02-28T18:49:31.525Z] Time:          Wed Feb 28 2024 10:49:31 GMT-0800 (Pacific Standard Time)
[debug] [2024-02-28T18:49:31.525Z] ----------------------------------------------------------------------
[debug] 
[debug] [2024-02-28T18:49:31.558Z] Object "" in "firebase.json" has unknown property: {"additionalProperty":"engines"}
[debug] [2024-02-28T18:49:31.560Z] > command requires scopes: ["email","openid","https://www.googleapis.com/auth/cloudplatformprojects.readonly","https://www.googleapis.com/auth/firebase","https://www.googleapis.com/auth/cloud-platform"]
[debug] [2024-02-28T18:49:31.560Z] > authorizing via signed-in user (kvngo@tedkvn.com)
[debug] [2024-02-28T18:49:31.560Z] [iam] checking project mono-thainow-dev for permissions ["cloudfunctions.functions.create","cloudfunctions.functions.delete","cloudfunctions.functions.get","cloudfunctions.functions.list","cloudfunctions.functions.update","cloudfunctions.operations.get","firebase.projects.get"]
[debug] [2024-02-28T18:49:31.561Z] >>> [apiv2][query] POST https://cloudresourcemanager.googleapis.com/v1/projects/mono-thainow-dev:testIamPermissions [none]
[debug] [2024-02-28T18:49:31.561Z] >>> [apiv2][(partial)header] POST https://cloudresourcemanager.googleapis.com/v1/projects/mono-thainow-dev:testIamPermissions x-goog-quota-user=projects/mono-thainow-dev
[debug] [2024-02-28T18:49:31.561Z] >>> [apiv2][body] POST https://cloudresourcemanager.googleapis.com/v1/projects/mono-thainow-dev:testIamPermissions {"permissions":["cloudfunctions.functions.create","cloudfunctions.functions.delete","cloudfunctions.functions.get","cloudfunctions.functions.list","cloudfunctions.functions.update","cloudfunctions.operations.get","firebase.projects.get"]}
[debug] [2024-02-28T18:49:31.949Z] <<< [apiv2][status] POST https://cloudresourcemanager.googleapis.com/v1/projects/mono-thainow-dev:testIamPermissions 200
[debug] [2024-02-28T18:49:31.949Z] <<< [apiv2][body] POST https://cloudresourcemanager.googleapis.com/v1/projects/mono-thainow-dev:testIamPermissions {"permissions":["cloudfunctions.functions.create","cloudfunctions.functions.delete","cloudfunctions.functions.get","cloudfunctions.functions.list","cloudfunctions.functions.update","cloudfunctions.operations.get","firebase.projects.get"]}
[debug] [2024-02-28T18:49:31.950Z] >>> [apiv2][query] POST https://iam.googleapis.com/v1/projects/mono-thainow-dev/serviceAccounts/mono-thainow-dev@appspot.gserviceaccount.com:testIamPermissions [none]
[debug] [2024-02-28T18:49:31.950Z] >>> [apiv2][body] POST https://iam.googleapis.com/v1/projects/mono-thainow-dev/serviceAccounts/mono-thainow-dev@appspot.gserviceaccount.com:testIamPermissions {"permissions":["iam.serviceAccounts.actAs"]}
[debug] [2024-02-28T18:49:32.285Z] <<< [apiv2][status] POST https://iam.googleapis.com/v1/projects/mono-thainow-dev/serviceAccounts/mono-thainow-dev@appspot.gserviceaccount.com:testIamPermissions 200
[debug] [2024-02-28T18:49:32.285Z] <<< [apiv2][body] POST https://iam.googleapis.com/v1/projects/mono-thainow-dev/serviceAccounts/mono-thainow-dev@appspot.gserviceaccount.com:testIamPermissions {"permissions":["iam.serviceAccounts.actAs"]}
[info] 
[info] === Deploying to 'mono-thainow-dev'...
[info] 
[info] i  deploying functions 
[debug] [2024-02-28T18:49:32.287Z] >>> [apiv2][query] GET https://firebase.googleapis.com/v1beta1/projects/mono-thainow-dev [none]
[debug] [2024-02-28T18:49:32.637Z] <<< [apiv2][status] GET https://firebase.googleapis.com/v1beta1/projects/mono-thainow-dev 200
[debug] [2024-02-28T18:49:32.637Z] <<< [apiv2][body] GET https://firebase.googleapis.com/v1beta1/projects/mono-thainow-dev {"projectId":"mono-thainow-dev","projectNumber":"241068529796","displayName":"mono-thainow-dev","name":"projects/mono-thainow-dev","resources":{"hostingSite":"mono-thainow-dev","storageBucket":"mono-thainow-dev.appspot.com","locationId":"us-central"},"state":"ACTIVE","etag":"1_841e0d1f-ae8d-416b-a473-934f9efa2580"}
[info] i  functions: preparing codebase default for deployment 
[info] i  functions: ensuring required API cloudfunctions.googleapis.com is enabled... 
[info] i  functions: ensuring required API cloudbuild.googleapis.com is enabled... 
[info] i  artifactregistry: ensuring required API artifactregistry.googleapis.com is enabled... 
[debug] [2024-02-28T18:49:32.639Z] >>> [apiv2][query] GET https://serviceusage.googleapis.com/v1/projects/mono-thainow-dev/services/cloudfunctions.googleapis.com [none]
[debug] [2024-02-28T18:49:32.639Z] >>> [apiv2][(partial)header] GET https://serviceusage.googleapis.com/v1/projects/mono-thainow-dev/services/cloudfunctions.googleapis.com x-goog-quota-user=projects/mono-thainow-dev
[debug] [2024-02-28T18:49:32.641Z] >>> [apiv2][query] GET https://serviceusage.googleapis.com/v1/projects/mono-thainow-dev/services/runtimeconfig.googleapis.com [none]
[debug] [2024-02-28T18:49:32.641Z] >>> [apiv2][(partial)header] GET https://serviceusage.googleapis.com/v1/projects/mono-thainow-dev/services/runtimeconfig.googleapis.com x-goog-quota-user=projects/mono-thainow-dev
[debug] [2024-02-28T18:49:32.642Z] >>> [apiv2][query] GET https://serviceusage.googleapis.com/v1/projects/mono-thainow-dev/services/cloudbuild.googleapis.com [none]
[debug] [2024-02-28T18:49:32.642Z] >>> [apiv2][(partial)header] GET https://serviceusage.googleapis.com/v1/projects/mono-thainow-dev/services/cloudbuild.googleapis.com x-goog-quota-user=projects/mono-thainow-dev
[debug] [2024-02-28T18:49:32.643Z] >>> [apiv2][query] GET https://serviceusage.googleapis.com/v1/projects/mono-thainow-dev/services/artifactregistry.googleapis.com [none]
[debug] [2024-02-28T18:49:32.644Z] >>> [apiv2][(partial)header] GET https://serviceusage.googleapis.com/v1/projects/mono-thainow-dev/services/artifactregistry.googleapis.com x-goog-quota-user=projects/mono-thainow-dev
[debug] [2024-02-28T18:49:33.149Z] <<< [apiv2][status] GET https://serviceusage.googleapis.com/v1/projects/mono-thainow-dev/services/cloudfunctions.googleapis.com 200
[debug] [2024-02-28T18:49:33.149Z] <<< [apiv2][body] GET https://serviceusage.googleapis.com/v1/projects/mono-thainow-dev/services/cloudfunctions.googleapis.com [omitted]
[info] ✔  functions: required API cloudfunctions.googleapis.com is enabled 
[debug] [2024-02-28T18:49:33.155Z] <<< [apiv2][status] GET https://serviceusage.googleapis.com/v1/projects/mono-thainow-dev/services/artifactregistry.googleapis.com 200
[debug] [2024-02-28T18:49:33.156Z] <<< [apiv2][body] GET https://serviceusage.googleapis.com/v1/projects/mono-thainow-dev/services/artifactregistry.googleapis.com [omitted]
[info] ✔  artifactregistry: required API artifactregistry.googleapis.com is enabled 
[debug] [2024-02-28T18:49:33.179Z] <<< [apiv2][status] GET https://serviceusage.googleapis.com/v1/projects/mono-thainow-dev/services/runtimeconfig.googleapis.com 200
[debug] [2024-02-28T18:49:33.179Z] <<< [apiv2][body] GET https://serviceusage.googleapis.com/v1/projects/mono-thainow-dev/services/runtimeconfig.googleapis.com [omitted]
[debug] [2024-02-28T18:49:33.267Z] <<< [apiv2][status] GET https://serviceusage.googleapis.com/v1/projects/mono-thainow-dev/services/cloudbuild.googleapis.com 200
[debug] [2024-02-28T18:49:33.267Z] <<< [apiv2][body] GET https://serviceusage.googleapis.com/v1/projects/mono-thainow-dev/services/cloudbuild.googleapis.com [omitted]
[info] ✔  functions: required API cloudbuild.googleapis.com is enabled 
[debug] [2024-02-28T18:49:33.268Z] >>> [apiv2][query] GET https://firebase.googleapis.com/v1beta1/projects/mono-thainow-dev/adminSdkConfig [none]
[debug] [2024-02-28T18:49:33.697Z] <<< [apiv2][status] GET https://firebase.googleapis.com/v1beta1/projects/mono-thainow-dev/adminSdkConfig 200
[debug] [2024-02-28T18:49:33.697Z] <<< [apiv2][body] GET https://firebase.googleapis.com/v1beta1/projects/mono-thainow-dev/adminSdkConfig {"projectId":"mono-thainow-dev","storageBucket":"mono-thainow-dev.appspot.com","locationId":"us-central"}
[debug] [2024-02-28T18:49:33.697Z] >>> [apiv2][query] GET https://runtimeconfig.googleapis.com/v1beta1/projects/mono-thainow-dev/configs [none]
[debug] [2024-02-28T18:49:34.133Z] <<< [apiv2][status] GET https://runtimeconfig.googleapis.com/v1beta1/projects/mono-thainow-dev/configs 200
[debug] [2024-02-28T18:49:34.133Z] <<< [apiv2][body] GET https://runtimeconfig.googleapis.com/v1beta1/projects/mono-thainow-dev/configs {}
[debug] [2024-02-28T18:49:34.135Z] Validating nodejs source
[debug] [2024-02-28T18:49:34.480Z] > [functions] package.json contents: {
  "name": "functions",
  "description": "Cloud Functions for Firebase",
  "scripts": {
    "serve": "firebase emulators:start --only functions",
    "shell": "firebase functions:shell",
    "start": "npm run shell",
    "deploy": "firebase deploy --only functions",
    "logs": "firebase functions:log"
  },
  "engines": {
    "node": "20"
  },
  "main": "index.js",
  "dependencies": {
    "firebase-admin": "^11.8.0",
    "firebase-functions": "^4.3.1",
    "prerender-node": "^3.7.0",
    "express": "^4.18.2"
  },
  "devDependencies": {
    "firebase-functions-test": "^3.1.0"
  },
  "private": true
}
[debug] [2024-02-28T18:49:34.480Z] Building nodejs source
[info] i  functions: Loading and analyzing source code for codebase default to determine what to deploy 
[debug] [2024-02-28T18:49:34.480Z] Could not find functions.yaml. Must use http discovery
[debug] [2024-02-28T18:49:34.484Z] Found firebase-functions binary at '/Users/kevinngo/Projects_local_disk/thainow-mono-ui/functions/node_modules/.bin/firebase-functions'
[info] Serving at port 8640

[debug] [2024-02-28T18:49:34.623Z] Got response from /__/functions.yaml {"endpoints":{"addsocialmeta":{"platform":"gcfv1","availableMemoryMb":null,"timeoutSeconds":null,"minInstances":null,"maxInstances":null,"ingressSettings":null,"serviceAccountEmail":null,"vpc":null,"httpsTrigger":{},"entryPoint":"addsocialmeta"}},"specVersion":"v1alpha1","requiredAPIs":[]}
[info] i  functions: preparing functions directory for uploading... 
[info] i  functions: packaged /Users/kevinngo/Projects_local_disk/thainow-mono-ui/functions (4.37 KB) for uploading 
[debug] [2024-02-28T18:49:39.664Z] >>> [apiv2][query] GET https://cloudfunctions.googleapis.com/v1/projects/mono-thainow-dev/locations/-/functions [none]
[debug] [2024-02-28T18:49:40.150Z] <<< [apiv2][status] GET https://cloudfunctions.googleapis.com/v1/projects/mono-thainow-dev/locations/-/functions 200
[debug] [2024-02-28T18:49:40.151Z] <<< [apiv2][body] GET https://cloudfunctions.googleapis.com/v1/projects/mono-thainow-dev/locations/-/functions {"functions":[{"name":"projects/mono-thainow-dev/locations/us-central1/functions/addsocialmeta","httpsTrigger":{"url":"https://us-central1-mono-thainow-dev.cloudfunctions.net/addsocialmeta","securityLevel":"SECURE_ALWAYS"},"status":"ACTIVE","entryPoint":"addsocialmeta","timeout":"60s","availableMemoryMb":256,"serviceAccountEmail":"mono-thainow-dev@appspot.gserviceaccount.com","updateTime":"2024-02-28T18:34:31.043Z","versionId":"18","labels":{"deployment-tool":"cli-firebase","firebase-functions-hash":"a44f6775429f4117a20909b1d8bf5aa69c4f0039"},"sourceUploadUrl":"https://storage.googleapis.com/uploads-448338382640.us-central1.cloudfunctions.appspot.com/08a536e3-3de7-4bff-84bf-622d65c7b651.zip","environmentVariables":{"FIREBASE_CONFIG":"{\"projectId\":\"mono-thainow-dev\",\"storageBucket\":\"mono-thainow-dev.appspot.com\",\"locationId\":\"us-central\"}","GCLOUD_PROJECT":"mono-thainow-dev","EVENTARC_CLOUD_EVENT_SOURCE":"projects/mono-thainow-dev/locations/us-central1/functions/addsocialmeta"},"runtime":"nodejs20","ingressSettings":"ALLOW_ALL","buildId":"ab847cf8-6add-4fa9-b906-c4329a3f2985","buildEnvironmentVariables":{"GOOGLE_NODE_RUN_SCRIPTS":""},"buildName":"projects/241068529796/locations/us-central1/builds/ab847cf8-6add-4fa9-b906-c4329a3f2985","dockerRegistry":"ARTIFACT_REGISTRY","automaticUpdatePolicy":{}}]}
[debug] [2024-02-28T18:49:40.153Z] >>> [apiv2][query] GET https://cloudfunctions.googleapis.com/v2/projects/mono-thainow-dev/locations/-/functions filter=environment%3D%22GEN_2%22
[debug] [2024-02-28T18:49:40.554Z] <<< [apiv2][status] GET https://cloudfunctions.googleapis.com/v2/projects/mono-thainow-dev/locations/-/functions 200
[debug] [2024-02-28T18:49:40.554Z] <<< [apiv2][body] GET https://cloudfunctions.googleapis.com/v2/projects/mono-thainow-dev/locations/-/functions {}
[debug] [2024-02-28T18:49:40.556Z] >>> [apiv2][query] GET https://firebase.googleapis.com/v1beta1/projects/mono-thainow-dev [none]
[debug] [2024-02-28T18:49:40.855Z] <<< [apiv2][status] GET https://firebase.googleapis.com/v1beta1/projects/mono-thainow-dev 200
[debug] [2024-02-28T18:49:40.856Z] <<< [apiv2][body] GET https://firebase.googleapis.com/v1beta1/projects/mono-thainow-dev {"projectId":"mono-thainow-dev","projectNumber":"241068529796","displayName":"mono-thainow-dev","name":"projects/mono-thainow-dev","resources":{"hostingSite":"mono-thainow-dev","storageBucket":"mono-thainow-dev.appspot.com","locationId":"us-central"},"state":"ACTIVE","etag":"1_841e0d1f-ae8d-416b-a473-934f9efa2580"}
[debug] [2024-02-28T18:49:40.857Z] >>> [apiv2][query] POST https://cloudfunctions.googleapis.com/v1/projects/mono-thainow-dev/locations/us-central1/functions:generateUploadUrl [none]
[debug] [2024-02-28T18:49:40.857Z] >>> [apiv2][body] POST https://cloudfunctions.googleapis.com/v1/projects/mono-thainow-dev/locations/us-central1/functions:generateUploadUrl {}
[debug] [2024-02-28T18:49:41.688Z] <<< [apiv2][status] POST https://cloudfunctions.googleapis.com/v1/projects/mono-thainow-dev/locations/us-central1/functions:generateUploadUrl 200
[debug] [2024-02-28T18:49:41.688Z] <<< [apiv2][body] POST https://cloudfunctions.googleapis.com/v1/projects/mono-thainow-dev/locations/us-central1/functions:generateUploadUrl {"uploadUrl":"https://storage.googleapis.com/uploads-448338382640.us-central1.cloudfunctions.appspot.com/ab64739a-5815-4456-b23e-5c435a28c89b.zip?GoogleAccessId=service-241068529796@gcf-admin-robot.iam.gserviceaccount.com&Expires=1709147981&Signature=neUFTmwG60crMwqjcxj7602pNVFNxOi%2F%2BLBqSUDIPLdGhydXT0kiRjIZE8HAFzU%2FdoCmRDcx8QrGoeRYJS8n%2FZIoGMPG%2BtHxSHBiAil2hchkAH9LHdHGL9z7p1OVAkjFUD6tnxYKLKPFHoMvxrAfDfOLaEDLMSa6Tsc7YfMvS7RG%2BHdHvnQGkxRmfBc52lGgBotMP8Hwyh953MxbDyt5boAn9YjeWtVpX0Asft8C0SMsU%2BljewhgJ647PhY7spykZOam6eBbl6vmVEjIH%2B0n0zEhI0GzR764SPGxqrgbsvaiOdqAMplTa%2BM8a9UsLZTwahvqnd%2BhUv3ZiOagO35g4A%3D%3D"}
[debug] [2024-02-28T18:49:41.690Z] >>> [apiv2][query] PUT https://storage.googleapis.com/uploads-448338382640.us-central1.cloudfunctions.appspot.com/ab64739a-5815-4456-b23e-5c435a28c89b.zip GoogleAccessId=service-241068529796%40gcf-admin-robot.iam.gserviceaccount.com&Expires=1709147981&Signature=neUFTmwG60crMwqjcxj7602pNVFNxOi%2F%2BLBqSUDIPLdGhydXT0kiRjIZE8HAFzU%2FdoCmRDcx8QrGoeRYJS8n%2FZIoGMPG%2BtHxSHBiAil2hchkAH9LHdHGL9z7p1OVAkjFUD6tnxYKLKPFHoMvxrAfDfOLaEDLMSa6Tsc7YfMvS7RG%2BHdHvnQGkxRmfBc52lGgBotMP8Hwyh953MxbDyt5boAn9YjeWtVpX0Asft8C0SMsU%2BljewhgJ647PhY7spykZOam6eBbl6vmVEjIH%2B0n0zEhI0GzR764SPGxqrgbsvaiOdqAMplTa%2BM8a9UsLZTwahvqnd%2BhUv3ZiOagO35g4A%3D%3D
[debug] [2024-02-28T18:49:41.690Z] >>> [apiv2][body] PUT https://storage.googleapis.com/uploads-448338382640.us-central1.cloudfunctions.appspot.com/ab64739a-5815-4456-b23e-5c435a28c89b.zip [stream]
[debug] [2024-02-28T18:49:42.165Z] <<< [apiv2][status] PUT https://storage.googleapis.com/uploads-448338382640.us-central1.cloudfunctions.appspot.com/ab64739a-5815-4456-b23e-5c435a28c89b.zip 200
[debug] [2024-02-28T18:49:42.166Z] <<< [apiv2][body] PUT https://storage.googleapis.com/uploads-448338382640.us-central1.cloudfunctions.appspot.com/ab64739a-5815-4456-b23e-5c435a28c89b.zip [omitted]
[info] ✔  functions: functions folder uploaded successfully 
[info] i  functions: updating Node.js 20 (1st Gen) function addsocialmeta(us-central1)... 
[debug] [2024-02-28T18:49:42.170Z] >>> [apiv2][query] PATCH https://cloudfunctions.googleapis.com/v1/projects/mono-thainow-dev/locations/us-central1/functions/addsocialmeta updateMask=name%2CsourceUploadUrl%2CentryPoint%2Cruntime%2CdockerRegistry%2Clabels%2ChttpsTrigger.securityLevel%2CminInstances%2CmaxInstances%2CingressSettings%2CenvironmentVariables%2CserviceAccountEmail%2CavailableMemoryMb%2Ctimeout%2CvpcConnector%2CvpcConnectorEgressSettings%2CsourceToken%2CbuildEnvironmentVariables
[debug] [2024-02-28T18:49:42.170Z] >>> [apiv2][body] PATCH https://cloudfunctions.googleapis.com/v1/projects/mono-thainow-dev/locations/us-central1/functions/addsocialmeta {"name":"projects/mono-thainow-dev/locations/us-central1/functions/addsocialmeta","sourceUploadUrl":"https://storage.googleapis.com/uploads-448338382640.us-central1.cloudfunctions.appspot.com/ab64739a-5815-4456-b23e-5c435a28c89b.zip?GoogleAccessId=service-241068529796@gcf-admin-robot.iam.gserviceaccount.com&Expires=1709147981&Signature=neUFTmwG60crMwqjcxj7602pNVFNxOi%2F%2BLBqSUDIPLdGhydXT0kiRjIZE8HAFzU%2FdoCmRDcx8QrGoeRYJS8n%2FZIoGMPG%2BtHxSHBiAil2hchkAH9LHdHGL9z7p1OVAkjFUD6tnxYKLKPFHoMvxrAfDfOLaEDLMSa6Tsc7YfMvS7RG%2BHdHvnQGkxRmfBc52lGgBotMP8Hwyh953MxbDyt5boAn9YjeWtVpX0Asft8C0SMsU%2BljewhgJ647PhY7spykZOam6eBbl6vmVEjIH%2B0n0zEhI0GzR764SPGxqrgbsvaiOdqAMplTa%2BM8a9UsLZTwahvqnd%2BhUv3ZiOagO35g4A%3D%3D","entryPoint":"addsocialmeta","runtime":"nodejs20","dockerRegistry":"ARTIFACT_REGISTRY","labels":{"deployment-tool":"cli-firebase","firebase-functions-hash":"5ba3b377b738bd0b1f2d27068cc7b3bdd36ed324"},"httpsTrigger":{"securityLevel":"SECURE_ALWAYS"},"minInstances":null,"maxInstances":null,"ingressSettings":null,"environmentVariables":{"FIREBASE_CONFIG":"{\"projectId\":\"mono-thainow-dev\",\"storageBucket\":\"mono-thainow-dev.appspot.com\",\"locationId\":\"us-central\"}","GCLOUD_PROJECT":"mono-thainow-dev","EVENTARC_CLOUD_EVENT_SOURCE":"projects/mono-thainow-dev/locations/us-central1/functions/addsocialmeta"},"serviceAccountEmail":null,"availableMemoryMb":null,"timeout":null,"vpcConnector":null,"vpcConnectorEgressSettings":null,"buildEnvironmentVariables":{"GOOGLE_NODE_RUN_SCRIPTS":""}}
[debug] [2024-02-28T18:49:42.850Z] <<< [apiv2][status] PATCH https://cloudfunctions.googleapis.com/v1/projects/mono-thainow-dev/locations/us-central1/functions/addsocialmeta 200
[debug] [2024-02-28T18:49:42.850Z] <<< [apiv2][body] PATCH https://cloudfunctions.googleapis.com/v1/projects/mono-thainow-dev/locations/us-central1/functions/addsocialmeta {"name":"operations/bW9uby10aGFpbm93LWRldi91cy1jZW50cmFsMS9hZGRzb2NpYWxtZXRhLzk3Nl9fNlBvdmhr","metadata":{"@type":"type.googleapis.com/google.cloud.functions.v1.OperationMetadataV1","target":"projects/mono-thainow-dev/locations/us-central1/functions/addsocialmeta","type":"UPDATE_FUNCTION","request":{"@type":"type.googleapis.com/google.cloud.functions.v1.CloudFunction","name":"projects/mono-thainow-dev/locations/us-central1/functions/addsocialmeta","httpsTrigger":{"url":"https://us-central1-mono-thainow-dev.cloudfunctions.net/addsocialmeta","securityLevel":"SECURE_ALWAYS"},"status":"ACTIVE","entryPoint":"addsocialmeta","updateTime":"2024-02-28T18:34:31.043Z","versionId":"18","labels":{"deployment-tool":"cli-firebase","firebase-functions-hash":"5ba3b377b738bd0b1f2d27068cc7b3bdd36ed324"},"sourceUploadUrl":"https://storage.googleapis.com/uploads-448338382640.us-central1.cloudfunctions.appspot.com/ab64739a-5815-4456-b23e-5c435a28c89b.zip?GoogleAccessId=service-241068529796@gcf-admin-robot.iam.gserviceaccount.com&Expires=1709147981&Signature=neUFTmwG60crMwqjcxj7602pNVFNxOi%2F%2BLBqSUDIPLdGhydXT0kiRjIZE8HAFzU%2FdoCmRDcx8QrGoeRYJS8n%2FZIoGMPG%2BtHxSHBiAil2hchkAH9LHdHGL9z7p1OVAkjFUD6tnxYKLKPFHoMvxrAfDfOLaEDLMSa6Tsc7YfMvS7RG%2BHdHvnQGkxRmfBc52lGgBotMP8Hwyh953MxbDyt5boAn9YjeWtVpX0Asft8C0SMsU%2BljewhgJ647PhY7spykZOam6eBbl6vmVEjIH%2B0n0zEhI0GzR764SPGxqrgbsvaiOdqAMplTa%2BM8a9UsLZTwahvqnd%2BhUv3ZiOagO35g4A%3D%3D","environmentVariables":{"FIREBASE_CONFIG":"{\"projectId\":\"mono-thainow-dev\",\"storageBucket\":\"mono-thainow-dev.appspot.com\",\"locationId\":\"us-central\"}","GCLOUD_PROJECT":"mono-thainow-dev","EVENTARC_CLOUD_EVENT_SOURCE":"projects/mono-thainow-dev/locations/us-central1/functions/addsocialmeta"},"runtime":"nodejs20","buildId":"ab847cf8-6add-4fa9-b906-c4329a3f2985","buildEnvironmentVariables":{"GOOGLE_NODE_RUN_SCRIPTS":""},"buildName":"projects/241068529796/locations/us-central1/builds/ab847cf8-6add-4fa9-b906-c4329a3f2985","dockerRegistry":"ARTIFACT_REGISTRY","automaticUpdatePolicy":{}},"versionId":"19","updateTime":"2024-02-28T18:49:42Z"}}
[debug] [2024-02-28T18:49:42.851Z] >>> [apiv2][query] GET https://cloudfunctions.googleapis.com/v1/operations/bW9uby10aGFpbm93LWRldi91cy1jZW50cmFsMS9hZGRzb2NpYWxtZXRhLzk3Nl9fNlBvdmhr [none]
[debug] [2024-02-28T18:49:43.099Z] <<< [apiv2][status] GET https://cloudfunctions.googleapis.com/v1/operations/bW9uby10aGFpbm93LWRldi91cy1jZW50cmFsMS9hZGRzb2NpYWxtZXRhLzk3Nl9fNlBvdmhr 200
[debug] [2024-02-28T18:49:43.099Z] <<< [apiv2][body] GET https://cloudfunctions.googleapis.com/v1/operations/bW9uby10aGFpbm93LWRldi91cy1jZW50cmFsMS9hZGRzb2NpYWxtZXRhLzk3Nl9fNlBvdmhr {"name":"operations/bW9uby10aGFpbm93LWRldi91cy1jZW50cmFsMS9hZGRzb2NpYWxtZXRhLzk3Nl9fNlBvdmhr","metadata":{"@type":"type.googleapis.com/google.cloud.functions.v1.OperationMetadataV1","target":"projects/mono-thainow-dev/locations/us-central1/functions/addsocialmeta","type":"UPDATE_FUNCTION","request":{"@type":"type.googleapis.com/google.cloud.functions.v1.CloudFunction","name":"projects/mono-thainow-dev/locations/us-central1/functions/addsocialmeta","httpsTrigger":{"url":"https://us-central1-mono-thainow-dev.cloudfunctions.net/addsocialmeta","securityLevel":"SECURE_ALWAYS"},"status":"ACTIVE","entryPoint":"addsocialmeta","updateTime":"2024-02-28T18:34:31.043Z","versionId":"18","labels":{"deployment-tool":"cli-firebase","firebase-functions-hash":"5ba3b377b738bd0b1f2d27068cc7b3bdd36ed324"},"sourceUploadUrl":"https://storage.googleapis.com/uploads-448338382640.us-central1.cloudfunctions.appspot.com/ab64739a-5815-4456-b23e-5c435a28c89b.zip?GoogleAccessId=service-241068529796@gcf-admin-robot.iam.gserviceaccount.com&Expires=1709147981&Signature=neUFTmwG60crMwqjcxj7602pNVFNxOi%2F%2BLBqSUDIPLdGhydXT0kiRjIZE8HAFzU%2FdoCmRDcx8QrGoeRYJS8n%2FZIoGMPG%2BtHxSHBiAil2hchkAH9LHdHGL9z7p1OVAkjFUD6tnxYKLKPFHoMvxrAfDfOLaEDLMSa6Tsc7YfMvS7RG%2BHdHvnQGkxRmfBc52lGgBotMP8Hwyh953MxbDyt5boAn9YjeWtVpX0Asft8C0SMsU%2BljewhgJ647PhY7spykZOam6eBbl6vmVEjIH%2B0n0zEhI0GzR764SPGxqrgbsvaiOdqAMplTa%2BM8a9UsLZTwahvqnd%2BhUv3ZiOagO35g4A%3D%3D","environmentVariables":{"FIREBASE_CONFIG":"{\"projectId\":\"mono-thainow-dev\",\"storageBucket\":\"mono-thainow-dev.appspot.com\",\"locationId\":\"us-central\"}","GCLOUD_PROJECT":"mono-thainow-dev","EVENTARC_CLOUD_EVENT_SOURCE":"projects/mono-thainow-dev/locations/us-central1/functions/addsocialmeta"},"runtime":"nodejs20","buildId":"ab847cf8-6add-4fa9-b906-c4329a3f2985","buildEnvironmentVariables":{"GOOGLE_NODE_RUN_SCRIPTS":""},"buildName":"projects/241068529796/locations/us-central1/builds/ab847cf8-6add-4fa9-b906-c4329a3f2985","dockerRegistry":"ARTIFACT_REGISTRY","automaticUpdatePolicy":{}},"versionId":"19","updateTime":"2024-02-28T18:49:42Z"}}
[debug] [2024-02-28T18:49:43.601Z] [update-default-us-central1-addsocialmeta] Retrying task index 0
[debug] [2024-02-28T18:49:43.602Z] >>> [apiv2][query] GET https://cloudfunctions.googleapis.com/v1/operations/bW9uby10aGFpbm93LWRldi91cy1jZW50cmFsMS9hZGRzb2NpYWxtZXRhLzk3Nl9fNlBvdmhr [none]
[debug] [2024-02-28T18:49:43.788Z] <<< [apiv2][status] GET https://cloudfunctions.googleapis.com/v1/operations/bW9uby10aGFpbm93LWRldi91cy1jZW50cmFsMS9hZGRzb2NpYWxtZXRhLzk3Nl9fNlBvdmhr 200
[debug] [2024-02-28T18:49:43.789Z] <<< [apiv2][body] GET https://cloudfunctions.googleapis.com/v1/operations/bW9uby10aGFpbm93LWRldi91cy1jZW50cmFsMS9hZGRzb2NpYWxtZXRhLzk3Nl9fNlBvdmhr {"name":"operations/bW9uby10aGFpbm93LWRldi91cy1jZW50cmFsMS9hZGRzb2NpYWxtZXRhLzk3Nl9fNlBvdmhr","metadata":{"@type":"type.googleapis.com/google.cloud.functions.v1.OperationMetadataV1","target":"projects/mono-thainow-dev/locations/us-central1/functions/addsocialmeta","type":"UPDATE_FUNCTION","request":{"@type":"type.googleapis.com/google.cloud.functions.v1.CloudFunction","name":"projects/mono-thainow-dev/locations/us-central1/functions/addsocialmeta","httpsTrigger":{"url":"https://us-central1-mono-thainow-dev.cloudfunctions.net/addsocialmeta","securityLevel":"SECURE_ALWAYS"},"status":"ACTIVE","entryPoint":"addsocialmeta","updateTime":"2024-02-28T18:34:31.043Z","versionId":"18","labels":{"deployment-tool":"cli-firebase","firebase-functions-hash":"5ba3b377b738bd0b1f2d27068cc7b3bdd36ed324"},"sourceUploadUrl":"https://storage.googleapis.com/uploads-448338382640.us-central1.cloudfunctions.appspot.com/ab64739a-5815-4456-b23e-5c435a28c89b.zip?GoogleAccessId=service-241068529796@gcf-admin-robot.iam.gserviceaccount.com&Expires=1709147981&Signature=neUFTmwG60crMwqjcxj7602pNVFNxOi%2F%2BLBqSUDIPLdGhydXT0kiRjIZE8HAFzU%2FdoCmRDcx8QrGoeRYJS8n%2FZIoGMPG%2BtHxSHBiAil2hchkAH9LHdHGL9z7p1OVAkjFUD6tnxYKLKPFHoMvxrAfDfOLaEDLMSa6Tsc7YfMvS7RG%2BHdHvnQGkxRmfBc52lGgBotMP8Hwyh953MxbDyt5boAn9YjeWtVpX0Asft8C0SMsU%2BljewhgJ647PhY7spykZOam6eBbl6vmVEjIH%2B0n0zEhI0GzR764SPGxqrgbsvaiOdqAMplTa%2BM8a9UsLZTwahvqnd%2BhUv3ZiOagO35g4A%3D%3D","environmentVariables":{"FIREBASE_CONFIG":"{\"projectId\":\"mono-thainow-dev\",\"storageBucket\":\"mono-thainow-dev.appspot.com\",\"locationId\":\"us-central\"}","GCLOUD_PROJECT":"mono-thainow-dev","EVENTARC_CLOUD_EVENT_SOURCE":"projects/mono-thainow-dev/locations/us-central1/functions/addsocialmeta"},"runtime":"nodejs20","buildId":"ab847cf8-6add-4fa9-b906-c4329a3f2985","buildEnvironmentVariables":{"GOOGLE_NODE_RUN_SCRIPTS":""},"buildName":"projects/241068529796/locations/us-central1/builds/ab847cf8-6add-4fa9-b906-c4329a3f2985","dockerRegistry":"ARTIFACT_REGISTRY","automaticUpdatePolicy":{}},"versionId":"19","updateTime":"2024-02-28T18:49:42Z","buildId":"37caa159-8941-4837-ba37-b85face635f2","buildName":"projects/241068529796/locations/us-central1/builds/37caa159-8941-4837-ba37-b85face635f2"}}
[debug] [2024-02-28T18:49:44.792Z] [update-default-us-central1-addsocialmeta] Retrying task index 0
[debug] [2024-02-28T18:49:44.797Z] >>> [apiv2][query] GET https://cloudfunctions.googleapis.com/v1/operations/bW9uby10aGFpbm93LWRldi91cy1jZW50cmFsMS9hZGRzb2NpYWxtZXRhLzk3Nl9fNlBvdmhr [none]
[debug] [2024-02-28T18:49:44.928Z] <<< [apiv2][status] GET https://cloudfunctions.googleapis.com/v1/operations/bW9uby10aGFpbm93LWRldi91cy1jZW50cmFsMS9hZGRzb2NpYWxtZXRhLzk3Nl9fNlBvdmhr 200
[debug] [2024-02-28T18:49:44.929Z] <<< [apiv2][body] GET https://cloudfunctions.googleapis.com/v1/operations/bW9uby10aGFpbm93LWRldi91cy1jZW50cmFsMS9hZGRzb2NpYWxtZXRhLzk3Nl9fNlBvdmhr {"name":"operations/bW9uby10aGFpbm93LWRldi91cy1jZW50cmFsMS9hZGRzb2NpYWxtZXRhLzk3Nl9fNlBvdmhr","metadata":{"@type":"type.googleapis.com/google.cloud.functions.v1.OperationMetadataV1","target":"projects/mono-thainow-dev/locations/us-central1/functions/addsocialmeta","type":"UPDATE_FUNCTION","request":{"@type":"type.googleapis.com/google.cloud.functions.v1.CloudFunction","name":"projects/mono-thainow-dev/locations/us-central1/functions/addsocialmeta","httpsTrigger":{"url":"https://us-central1-mono-thainow-dev.cloudfunctions.net/addsocialmeta","securityLevel":"SECURE_ALWAYS"},"status":"ACTIVE","entryPoint":"addsocialmeta","updateTime":"2024-02-28T18:34:31.043Z","versionId":"18","labels":{"deployment-tool":"cli-firebase","firebase-functions-hash":"5ba3b377b738bd0b1f2d27068cc7b3bdd36ed324"},"sourceUploadUrl":"https://storage.googleapis.com/uploads-448338382640.us-central1.cloudfunctions.appspot.com/ab64739a-5815-4456-b23e-5c435a28c89b.zip?GoogleAccessId=service-241068529796@gcf-admin-robot.iam.gserviceaccount.com&Expires=1709147981&Signature=neUFTmwG60crMwqjcxj7602pNVFNxOi%2F%2BLBqSUDIPLdGhydXT0kiRjIZE8HAFzU%2FdoCmRDcx8QrGoeRYJS8n%2FZIoGMPG%2BtHxSHBiAil2hchkAH9LHdHGL9z7p1OVAkjFUD6tnxYKLKPFHoMvxrAfDfOLaEDLMSa6Tsc7YfMvS7RG%2BHdHvnQGkxRmfBc52lGgBotMP8Hwyh953MxbDyt5boAn9YjeWtVpX0Asft8C0SMsU%2BljewhgJ647PhY7spykZOam6eBbl6vmVEjIH%2B0n0zEhI0GzR764SPGxqrgbsvaiOdqAMplTa%2BM8a9UsLZTwahvqnd%2BhUv3ZiOagO35g4A%3D%3D","environmentVariables":{"FIREBASE_CONFIG":"{\"projectId\":\"mono-thainow-dev\",\"storageBucket\":\"mono-thainow-dev.appspot.com\",\"locationId\":\"us-central\"}","GCLOUD_PROJECT":"mono-thainow-dev","EVENTARC_CLOUD_EVENT_SOURCE":"projects/mono-thainow-dev/locations/us-central1/functions/addsocialmeta"},"runtime":"nodejs20","buildId":"ab847cf8-6add-4fa9-b906-c4329a3f2985","buildEnvironmentVariables":{"GOOGLE_NODE_RUN_SCRIPTS":""},"buildName":"projects/241068529796/locations/us-central1/builds/ab847cf8-6add-4fa9-b906-c4329a3f2985","dockerRegistry":"ARTIFACT_REGISTRY","automaticUpdatePolicy":{}},"versionId":"19","updateTime":"2024-02-28T18:49:42Z","buildId":"37caa159-8941-4837-ba37-b85face635f2","buildName":"projects/241068529796/locations/us-central1/builds/37caa159-8941-4837-ba37-b85face635f2"}}
[debug] [2024-02-28T18:49:46.931Z] [update-default-us-central1-addsocialmeta] Retrying task index 0
[debug] [2024-02-28T18:49:46.932Z] >>> [apiv2][query] GET https://cloudfunctions.googleapis.com/v1/operations/bW9uby10aGFpbm93LWRldi91cy1jZW50cmFsMS9hZGRzb2NpYWxtZXRhLzk3Nl9fNlBvdmhr [none]
[debug] [2024-02-28T18:49:47.045Z] <<< [apiv2][status] GET https://cloudfunctions.googleapis.com/v1/operations/bW9uby10aGFpbm93LWRldi91cy1jZW50cmFsMS9hZGRzb2NpYWxtZXRhLzk3Nl9fNlBvdmhr 200
[debug] [2024-02-28T18:49:47.045Z] <<< [apiv2][body] GET https://cloudfunctions.googleapis.com/v1/operations/bW9uby10aGFpbm93LWRldi91cy1jZW50cmFsMS9hZGRzb2NpYWxtZXRhLzk3Nl9fNlBvdmhr {"name":"operations/bW9uby10aGFpbm93LWRldi91cy1jZW50cmFsMS9hZGRzb2NpYWxtZXRhLzk3Nl9fNlBvdmhr","metadata":{"@type":"type.googleapis.com/google.cloud.functions.v1.OperationMetadataV1","target":"projects/mono-thainow-dev/locations/us-central1/functions/addsocialmeta","type":"UPDATE_FUNCTION","request":{"@type":"type.googleapis.com/google.cloud.functions.v1.CloudFunction","name":"projects/mono-thainow-dev/locations/us-central1/functions/addsocialmeta","httpsTrigger":{"url":"https://us-central1-mono-thainow-dev.cloudfunctions.net/addsocialmeta","securityLevel":"SECURE_ALWAYS"},"status":"ACTIVE","entryPoint":"addsocialmeta","updateTime":"2024-02-28T18:34:31.043Z","versionId":"18","labels":{"deployment-tool":"cli-firebase","firebase-functions-hash":"5ba3b377b738bd0b1f2d27068cc7b3bdd36ed324"},"sourceUploadUrl":"https://storage.googleapis.com/uploads-448338382640.us-central1.cloudfunctions.appspot.com/ab64739a-5815-4456-b23e-5c435a28c89b.zip?GoogleAccessId=service-241068529796@gcf-admin-robot.iam.gserviceaccount.com&Expires=1709147981&Signature=neUFTmwG60crMwqjcxj7602pNVFNxOi%2F%2BLBqSUDIPLdGhydXT0kiRjIZE8HAFzU%2FdoCmRDcx8QrGoeRYJS8n%2FZIoGMPG%2BtHxSHBiAil2hchkAH9LHdHGL9z7p1OVAkjFUD6tnxYKLKPFHoMvxrAfDfOLaEDLMSa6Tsc7YfMvS7RG%2BHdHvnQGkxRmfBc52lGgBotMP8Hwyh953MxbDyt5boAn9YjeWtVpX0Asft8C0SMsU%2BljewhgJ647PhY7spykZOam6eBbl6vmVEjIH%2B0n0zEhI0GzR764SPGxqrgbsvaiOdqAMplTa%2BM8a9UsLZTwahvqnd%2BhUv3ZiOagO35g4A%3D%3D","environmentVariables":{"FIREBASE_CONFIG":"{\"projectId\":\"mono-thainow-dev\",\"storageBucket\":\"mono-thainow-dev.appspot.com\",\"locationId\":\"us-central\"}","GCLOUD_PROJECT":"mono-thainow-dev","EVENTARC_CLOUD_EVENT_SOURCE":"projects/mono-thainow-dev/locations/us-central1/functions/addsocialmeta"},"runtime":"nodejs20","buildId":"ab847cf8-6add-4fa9-b906-c4329a3f2985","buildEnvironmentVariables":{"GOOGLE_NODE_RUN_SCRIPTS":""},"buildName":"projects/241068529796/locations/us-central1/builds/ab847cf8-6add-4fa9-b906-c4329a3f2985","dockerRegistry":"ARTIFACT_REGISTRY","automaticUpdatePolicy":{}},"versionId":"19","updateTime":"2024-02-28T18:49:42Z","buildId":"37caa159-8941-4837-ba37-b85face635f2","buildName":"projects/241068529796/locations/us-central1/builds/37caa159-8941-4837-ba37-b85face635f2"}}
[debug] [2024-02-28T18:49:51.046Z] [update-default-us-central1-addsocialmeta] Retrying task index 0
[debug] [2024-02-28T18:49:51.047Z] >>> [apiv2][query] GET https://cloudfunctions.googleapis.com/v1/operations/bW9uby10aGFpbm93LWRldi91cy1jZW50cmFsMS9hZGRzb2NpYWxtZXRhLzk3Nl9fNlBvdmhr [none]
[debug] [2024-02-28T18:49:51.173Z] <<< [apiv2][status] GET https://cloudfunctions.googleapis.com/v1/operations/bW9uby10aGFpbm93LWRldi91cy1jZW50cmFsMS9hZGRzb2NpYWxtZXRhLzk3Nl9fNlBvdmhr 200
[debug] [2024-02-28T18:49:51.173Z] <<< [apiv2][body] GET https://cloudfunctions.googleapis.com/v1/operations/bW9uby10aGFpbm93LWRldi91cy1jZW50cmFsMS9hZGRzb2NpYWxtZXRhLzk3Nl9fNlBvdmhr {"name":"operations/bW9uby10aGFpbm93LWRldi91cy1jZW50cmFsMS9hZGRzb2NpYWxtZXRhLzk3Nl9fNlBvdmhr","metadata":{"@type":"type.googleapis.com/google.cloud.functions.v1.OperationMetadataV1","target":"projects/mono-thainow-dev/locations/us-central1/functions/addsocialmeta","type":"UPDATE_FUNCTION","request":{"@type":"type.googleapis.com/google.cloud.functions.v1.CloudFunction","name":"projects/mono-thainow-dev/locations/us-central1/functions/addsocialmeta","httpsTrigger":{"url":"https://us-central1-mono-thainow-dev.cloudfunctions.net/addsocialmeta","securityLevel":"SECURE_ALWAYS"},"status":"ACTIVE","entryPoint":"addsocialmeta","updateTime":"2024-02-28T18:34:31.043Z","versionId":"18","labels":{"deployment-tool":"cli-firebase","firebase-functions-hash":"5ba3b377b738bd0b1f2d27068cc7b3bdd36ed324"},"sourceUploadUrl":"https://storage.googleapis.com/uploads-448338382640.us-central1.cloudfunctions.appspot.com/ab64739a-5815-4456-b23e-5c435a28c89b.zip?GoogleAccessId=service-241068529796@gcf-admin-robot.iam.gserviceaccount.com&Expires=1709147981&Signature=neUFTmwG60crMwqjcxj7602pNVFNxOi%2F%2BLBqSUDIPLdGhydXT0kiRjIZE8HAFzU%2FdoCmRDcx8QrGoeRYJS8n%2FZIoGMPG%2BtHxSHBiAil2hchkAH9LHdHGL9z7p1OVAkjFUD6tnxYKLKPFHoMvxrAfDfOLaEDLMSa6Tsc7YfMvS7RG%2BHdHvnQGkxRmfBc52lGgBotMP8Hwyh953MxbDyt5boAn9YjeWtVpX0Asft8C0SMsU%2BljewhgJ647PhY7spykZOam6eBbl6vmVEjIH%2B0n0zEhI0GzR764SPGxqrgbsvaiOdqAMplTa%2BM8a9UsLZTwahvqnd%2BhUv3ZiOagO35g4A%3D%3D","environmentVariables":{"FIREBASE_CONFIG":"{\"projectId\":\"mono-thainow-dev\",\"storageBucket\":\"mono-thainow-dev.appspot.com\",\"locationId\":\"us-central\"}","GCLOUD_PROJECT":"mono-thainow-dev","EVENTARC_CLOUD_EVENT_SOURCE":"projects/mono-thainow-dev/locations/us-central1/functions/addsocialmeta"},"runtime":"nodejs20","buildId":"ab847cf8-6add-4fa9-b906-c4329a3f2985","buildEnvironmentVariables":{"GOOGLE_NODE_RUN_SCRIPTS":""},"buildName":"projects/241068529796/locations/us-central1/builds/ab847cf8-6add-4fa9-b906-c4329a3f2985","dockerRegistry":"ARTIFACT_REGISTRY","automaticUpdatePolicy":{}},"versionId":"19","updateTime":"2024-02-28T18:49:42Z","buildId":"37caa159-8941-4837-ba37-b85face635f2","buildName":"projects/241068529796/locations/us-central1/builds/37caa159-8941-4837-ba37-b85face635f2"}}
[debug] [2024-02-28T18:49:59.175Z] [update-default-us-central1-addsocialmeta] Retrying task index 0
[debug] [2024-02-28T18:49:59.176Z] >>> [apiv2][query] GET https://cloudfunctions.googleapis.com/v1/operations/bW9uby10aGFpbm93LWRldi91cy1jZW50cmFsMS9hZGRzb2NpYWxtZXRhLzk3Nl9fNlBvdmhr [none]
[debug] [2024-02-28T18:49:59.353Z] <<< [apiv2][status] GET https://cloudfunctions.googleapis.com/v1/operations/bW9uby10aGFpbm93LWRldi91cy1jZW50cmFsMS9hZGRzb2NpYWxtZXRhLzk3Nl9fNlBvdmhr 200
[debug] [2024-02-28T18:49:59.354Z] <<< [apiv2][body] GET https://cloudfunctions.googleapis.com/v1/operations/bW9uby10aGFpbm93LWRldi91cy1jZW50cmFsMS9hZGRzb2NpYWxtZXRhLzk3Nl9fNlBvdmhr {"name":"operations/bW9uby10aGFpbm93LWRldi91cy1jZW50cmFsMS9hZGRzb2NpYWxtZXRhLzk3Nl9fNlBvdmhr","metadata":{"@type":"type.googleapis.com/google.cloud.functions.v1.OperationMetadataV1","target":"projects/mono-thainow-dev/locations/us-central1/functions/addsocialmeta","type":"UPDATE_FUNCTION","request":{"@type":"type.googleapis.com/google.cloud.functions.v1.CloudFunction","name":"projects/mono-thainow-dev/locations/us-central1/functions/addsocialmeta","httpsTrigger":{"url":"https://us-central1-mono-thainow-dev.cloudfunctions.net/addsocialmeta","securityLevel":"SECURE_ALWAYS"},"status":"ACTIVE","entryPoint":"addsocialmeta","updateTime":"2024-02-28T18:34:31.043Z","versionId":"18","labels":{"deployment-tool":"cli-firebase","firebase-functions-hash":"5ba3b377b738bd0b1f2d27068cc7b3bdd36ed324"},"sourceUploadUrl":"https://storage.googleapis.com/uploads-448338382640.us-central1.cloudfunctions.appspot.com/ab64739a-5815-4456-b23e-5c435a28c89b.zip?GoogleAccessId=service-241068529796@gcf-admin-robot.iam.gserviceaccount.com&Expires=1709147981&Signature=neUFTmwG60crMwqjcxj7602pNVFNxOi%2F%2BLBqSUDIPLdGhydXT0kiRjIZE8HAFzU%2FdoCmRDcx8QrGoeRYJS8n%2FZIoGMPG%2BtHxSHBiAil2hchkAH9LHdHGL9z7p1OVAkjFUD6tnxYKLKPFHoMvxrAfDfOLaEDLMSa6Tsc7YfMvS7RG%2BHdHvnQGkxRmfBc52lGgBotMP8Hwyh953MxbDyt5boAn9YjeWtVpX0Asft8C0SMsU%2BljewhgJ647PhY7spykZOam6eBbl6vmVEjIH%2B0n0zEhI0GzR764SPGxqrgbsvaiOdqAMplTa%2BM8a9UsLZTwahvqnd%2BhUv3ZiOagO35g4A%3D%3D","environmentVariables":{"FIREBASE_CONFIG":"{\"projectId\":\"mono-thainow-dev\",\"storageBucket\":\"mono-thainow-dev.appspot.com\",\"locationId\":\"us-central\"}","GCLOUD_PROJECT":"mono-thainow-dev","EVENTARC_CLOUD_EVENT_SOURCE":"projects/mono-thainow-dev/locations/us-central1/functions/addsocialmeta"},"runtime":"nodejs20","buildId":"ab847cf8-6add-4fa9-b906-c4329a3f2985","buildEnvironmentVariables":{"GOOGLE_NODE_RUN_SCRIPTS":""},"buildName":"projects/241068529796/locations/us-central1/builds/ab847cf8-6add-4fa9-b906-c4329a3f2985","dockerRegistry":"ARTIFACT_REGISTRY","automaticUpdatePolicy":{}},"versionId":"19","updateTime":"2024-02-28T18:49:42Z","buildId":"37caa159-8941-4837-ba37-b85face635f2","buildName":"projects/241068529796/locations/us-central1/builds/37caa159-8941-4837-ba37-b85face635f2"}}
