[debug] [2024-02-24T07:05:23.028Z] ----------------------------------------------------------------------
[debug] [2024-02-24T07:05:23.029Z] Command:       /usr/local/bin/node /usr/local/bin/firebase deploy --only functions
[debug] [2024-02-24T07:05:23.030Z] CLI Version:   12.4.0
[debug] [2024-02-24T07:05:23.030Z] Platform:      darwin
[debug] [2024-02-24T07:05:23.031Z] Node Version:  v16.16.0
[debug] [2024-02-24T07:05:23.033Z] Time:          Fri Feb 23 2024 23:05:23 GMT-0800 (Pacific Standard Time)
[debug] [2024-02-24T07:05:23.033Z] ----------------------------------------------------------------------
[debug] 
[debug] [2024-02-24T07:05:23.134Z] Object "" in "firebase.json" has unknown property: {"additionalProperty":"engines"}
[debug] [2024-02-24T07:05:23.140Z] > command requires scopes: ["email","openid","https://www.googleapis.com/auth/cloudplatformprojects.readonly","https://www.googleapis.com/auth/firebase","https://www.googleapis.com/auth/cloud-platform"]
[debug] [2024-02-24T07:05:23.140Z] > authorizing via signed-in user (kvngo@tedkvn.com)
[debug] [2024-02-24T07:05:23.141Z] [iam] checking project mono-thainow-dev for permissions ["cloudfunctions.functions.create","cloudfunctions.functions.delete","cloudfunctions.functions.get","cloudfunctions.functions.list","cloudfunctions.functions.update","cloudfunctions.operations.get","firebase.projects.get"]
[debug] [2024-02-24T07:05:23.143Z] >>> [apiv2][query] POST https://cloudresourcemanager.googleapis.com/v1/projects/mono-thainow-dev:testIamPermissions [none]
[debug] [2024-02-24T07:05:23.144Z] >>> [apiv2][(partial)header] POST https://cloudresourcemanager.googleapis.com/v1/projects/mono-thainow-dev:testIamPermissions x-goog-quota-user=projects/mono-thainow-dev
[debug] [2024-02-24T07:05:23.144Z] >>> [apiv2][body] POST https://cloudresourcemanager.googleapis.com/v1/projects/mono-thainow-dev:testIamPermissions {"permissions":["cloudfunctions.functions.create","cloudfunctions.functions.delete","cloudfunctions.functions.get","cloudfunctions.functions.list","cloudfunctions.functions.update","cloudfunctions.operations.get","firebase.projects.get"]}
[debug] [2024-02-24T07:05:23.536Z] <<< [apiv2][status] POST https://cloudresourcemanager.googleapis.com/v1/projects/mono-thainow-dev:testIamPermissions 200
[debug] [2024-02-24T07:05:23.539Z] <<< [apiv2][body] POST https://cloudresourcemanager.googleapis.com/v1/projects/mono-thainow-dev:testIamPermissions {"permissions":["cloudfunctions.functions.create","cloudfunctions.functions.delete","cloudfunctions.functions.get","cloudfunctions.functions.list","cloudfunctions.functions.update","cloudfunctions.operations.get","firebase.projects.get"]}
[debug] [2024-02-24T07:05:23.541Z] >>> [apiv2][query] POST https://iam.googleapis.com/v1/projects/mono-thainow-dev/serviceAccounts/mono-thainow-dev@appspot.gserviceaccount.com:testIamPermissions [none]
[debug] [2024-02-24T07:05:23.541Z] >>> [apiv2][body] POST https://iam.googleapis.com/v1/projects/mono-thainow-dev/serviceAccounts/mono-thainow-dev@appspot.gserviceaccount.com:testIamPermissions {"permissions":["iam.serviceAccounts.actAs"]}
[debug] [2024-02-24T07:05:24.196Z] <<< [apiv2][status] POST https://iam.googleapis.com/v1/projects/mono-thainow-dev/serviceAccounts/mono-thainow-dev@appspot.gserviceaccount.com:testIamPermissions 200
[debug] [2024-02-24T07:05:24.198Z] <<< [apiv2][body] POST https://iam.googleapis.com/v1/projects/mono-thainow-dev/serviceAccounts/mono-thainow-dev@appspot.gserviceaccount.com:testIamPermissions {"permissions":["iam.serviceAccounts.actAs"]}
[info] 
[info] === Deploying to 'mono-thainow-dev'...
[info] 
[info] i  deploying functions 
[debug] [2024-02-24T07:05:24.204Z] >>> [apiv2][query] GET https://firebase.googleapis.com/v1beta1/projects/mono-thainow-dev [none]
[debug] [2024-02-24T07:05:24.721Z] <<< [apiv2][status] GET https://firebase.googleapis.com/v1beta1/projects/mono-thainow-dev 200
[debug] [2024-02-24T07:05:24.721Z] <<< [apiv2][body] GET https://firebase.googleapis.com/v1beta1/projects/mono-thainow-dev {"projectId":"mono-thainow-dev","projectNumber":"241068529796","displayName":"mono-thainow-dev","name":"projects/mono-thainow-dev","resources":{"hostingSite":"mono-thainow-dev","storageBucket":"mono-thainow-dev.appspot.com","locationId":"us-central"},"state":"ACTIVE","etag":"1_841e0d1f-ae8d-416b-a473-934f9efa2580"}
[info] i  functions: preparing codebase default for deployment 
[info] i  functions: ensuring required API cloudfunctions.googleapis.com is enabled... 
[info] i  functions: ensuring required API cloudbuild.googleapis.com is enabled... 
[info] i  artifactregistry: ensuring required API artifactregistry.googleapis.com is enabled... 
[debug] [2024-02-24T07:05:24.724Z] >>> [apiv2][query] GET https://serviceusage.googleapis.com/v1/projects/mono-thainow-dev/services/cloudfunctions.googleapis.com [none]
[debug] [2024-02-24T07:05:24.725Z] >>> [apiv2][(partial)header] GET https://serviceusage.googleapis.com/v1/projects/mono-thainow-dev/services/cloudfunctions.googleapis.com x-goog-quota-user=projects/mono-thainow-dev
[debug] [2024-02-24T07:05:24.728Z] >>> [apiv2][query] GET https://serviceusage.googleapis.com/v1/projects/mono-thainow-dev/services/runtimeconfig.googleapis.com [none]
[debug] [2024-02-24T07:05:24.729Z] >>> [apiv2][(partial)header] GET https://serviceusage.googleapis.com/v1/projects/mono-thainow-dev/services/runtimeconfig.googleapis.com x-goog-quota-user=projects/mono-thainow-dev
[debug] [2024-02-24T07:05:24.733Z] >>> [apiv2][query] GET https://serviceusage.googleapis.com/v1/projects/mono-thainow-dev/services/cloudbuild.googleapis.com [none]
[debug] [2024-02-24T07:05:24.733Z] >>> [apiv2][(partial)header] GET https://serviceusage.googleapis.com/v1/projects/mono-thainow-dev/services/cloudbuild.googleapis.com x-goog-quota-user=projects/mono-thainow-dev
[debug] [2024-02-24T07:05:24.737Z] >>> [apiv2][query] GET https://serviceusage.googleapis.com/v1/projects/mono-thainow-dev/services/artifactregistry.googleapis.com [none]
[debug] [2024-02-24T07:05:24.737Z] >>> [apiv2][(partial)header] GET https://serviceusage.googleapis.com/v1/projects/mono-thainow-dev/services/artifactregistry.googleapis.com x-goog-quota-user=projects/mono-thainow-dev
[debug] [2024-02-24T07:05:25.432Z] <<< [apiv2][status] GET https://serviceusage.googleapis.com/v1/projects/mono-thainow-dev/services/runtimeconfig.googleapis.com 200
[debug] [2024-02-24T07:05:25.432Z] <<< [apiv2][body] GET https://serviceusage.googleapis.com/v1/projects/mono-thainow-dev/services/runtimeconfig.googleapis.com [omitted]
[debug] [2024-02-24T07:05:25.434Z] <<< [apiv2][status] GET https://serviceusage.googleapis.com/v1/projects/mono-thainow-dev/services/cloudbuild.googleapis.com 200
[debug] [2024-02-24T07:05:25.434Z] <<< [apiv2][body] GET https://serviceusage.googleapis.com/v1/projects/mono-thainow-dev/services/cloudbuild.googleapis.com [omitted]
[info] ✔  functions: required API cloudbuild.googleapis.com is enabled 
[debug] [2024-02-24T07:05:25.438Z] <<< [apiv2][status] GET https://serviceusage.googleapis.com/v1/projects/mono-thainow-dev/services/artifactregistry.googleapis.com 200
[debug] [2024-02-24T07:05:25.439Z] <<< [apiv2][body] GET https://serviceusage.googleapis.com/v1/projects/mono-thainow-dev/services/artifactregistry.googleapis.com [omitted]
[info] ✔  artifactregistry: required API artifactregistry.googleapis.com is enabled 
[debug] [2024-02-24T07:05:25.442Z] <<< [apiv2][status] GET https://serviceusage.googleapis.com/v1/projects/mono-thainow-dev/services/cloudfunctions.googleapis.com 200
[debug] [2024-02-24T07:05:25.442Z] <<< [apiv2][body] GET https://serviceusage.googleapis.com/v1/projects/mono-thainow-dev/services/cloudfunctions.googleapis.com [omitted]
[info] ✔  functions: required API cloudfunctions.googleapis.com is enabled 
[debug] [2024-02-24T07:05:25.444Z] >>> [apiv2][query] GET https://firebase.googleapis.com/v1beta1/projects/mono-thainow-dev/adminSdkConfig [none]
[debug] [2024-02-24T07:05:26.236Z] <<< [apiv2][status] GET https://firebase.googleapis.com/v1beta1/projects/mono-thainow-dev/adminSdkConfig 200
[debug] [2024-02-24T07:05:26.237Z] <<< [apiv2][body] GET https://firebase.googleapis.com/v1beta1/projects/mono-thainow-dev/adminSdkConfig {"projectId":"mono-thainow-dev","storageBucket":"mono-thainow-dev.appspot.com","locationId":"us-central"}
[debug] [2024-02-24T07:05:26.239Z] >>> [apiv2][query] GET https://runtimeconfig.googleapis.com/v1beta1/projects/mono-thainow-dev/configs [none]
[debug] [2024-02-24T07:05:26.747Z] <<< [apiv2][status] GET https://runtimeconfig.googleapis.com/v1beta1/projects/mono-thainow-dev/configs 200
[debug] [2024-02-24T07:05:26.747Z] <<< [apiv2][body] GET https://runtimeconfig.googleapis.com/v1beta1/projects/mono-thainow-dev/configs {}
[debug] [2024-02-24T07:05:26.750Z] Validating nodejs source
[debug] [2024-02-24T07:05:27.395Z] > [functions] package.json contents: {
  "name": "functions",
  "description": "Cloud Functions for Firebase",
  "scripts": {
    "lint": "eslint .",
    "serve": "firebase emulators:start --only functions",
    "shell": "firebase functions:shell",
    "start": "npm run shell",
    "deploy": "firebase deploy --only functions",
    "logs": "firebase functions:log"
  },
  "engines": {
    "node": "16"
  },
  "main": "index.js",
  "dependencies": {
    "express": "^4.18.2",
    "firebase-admin": "^10.0.2",
    "firebase-functions": "^4.7.0",
    "path": "^0.12.7",
    "sharp": "^0.31.0",
    "prerender-node": "^3.7.0"
  },
  "devDependencies": {
    "eslint": "^8.9.0",
    "eslint-config-google": "^0.14.0",
    "firebase-functions-test": "^0.2.0",
    "prerender-node": "^3.7.0"
  },
  "private": true
}
[debug] [2024-02-24T07:05:27.395Z] Building nodejs source
[debug] [2024-02-24T07:05:27.396Z] Could not find functions.yaml. Must use http discovery
[debug] [2024-02-24T07:05:27.413Z] Found firebase-functions binary at '/Users/kevinngo/Projects_local_disk/thainow-mono-ui/functions/node_modules/.bin/firebase-functions'
[debug] [2024-02-24T07:05:27.891Z] Serving at port 8186

[debug] [2024-02-24T07:05:28.044Z] Got response from /__/functions.yaml {"endpoints":{"addsocialmeta":{"platform":"gcfv1","availableMemoryMb":null,"timeoutSeconds":null,"minInstances":null,"maxInstances":null,"ingressSettings":null,"serviceAccountEmail":null,"vpc":null,"httpsTrigger":{},"entryPoint":"addsocialmeta"}},"specVersion":"v1alpha1","requiredAPIs":[]}
[info] i  functions: preparing functions directory for uploading... 
[info] i  functions: packaged /Users/kevinngo/Projects_local_disk/thainow-mono-ui/functions (89.36 KB) for uploading 
[debug] [2024-02-24T07:05:28.132Z] >>> [apiv2][query] GET https://cloudfunctions.googleapis.com/v1/projects/mono-thainow-dev/locations/-/functions [none]
[debug] [2024-02-24T07:05:28.539Z] <<< [apiv2][status] GET https://cloudfunctions.googleapis.com/v1/projects/mono-thainow-dev/locations/-/functions 200
[debug] [2024-02-24T07:05:28.540Z] <<< [apiv2][body] GET https://cloudfunctions.googleapis.com/v1/projects/mono-thainow-dev/locations/-/functions {"functions":[{"name":"projects/mono-thainow-dev/locations/us-central1/functions/addsocialmeta","httpsTrigger":{"url":"https://us-central1-mono-thainow-dev.cloudfunctions.net/addsocialmeta","securityLevel":"SECURE_ALWAYS"},"status":"OFFLINE","entryPoint":"addsocialmeta","timeout":"60s","availableMemoryMb":256,"serviceAccountEmail":"mono-thainow-dev@appspot.gserviceaccount.com","updateTime":"2024-02-24T07:01:51.586Z","versionId":"1","labels":{"deployment-tool":"cli-firebase","firebase-functions-hash":"df05103b46e50ec282aec918224f5c65cdc197ce"},"sourceUploadUrl":"https://storage.googleapis.com/uploads-448338382640.us-central1.cloudfunctions.appspot.com/a58c6f1b-d218-45cf-8d94-72ffbd169da3.zip","environmentVariables":{"FIREBASE_CONFIG":"{\"projectId\":\"mono-thainow-dev\",\"storageBucket\":\"mono-thainow-dev.appspot.com\",\"locationId\":\"us-central\"}","GCLOUD_PROJECT":"mono-thainow-dev","EVENTARC_CLOUD_EVENT_SOURCE":"projects/mono-thainow-dev/locations/us-central1/functions/addsocialmeta"},"runtime":"nodejs16","ingressSettings":"ALLOW_ALL","buildId":"cef87f6f-844e-4dd8-bdfb-9b1dd8b61560","buildEnvironmentVariables":{"GOOGLE_NODE_RUN_SCRIPTS":""},"buildName":"projects/241068529796/locations/us-central1/builds/cef87f6f-844e-4dd8-bdfb-9b1dd8b61560","dockerRegistry":"ARTIFACT_REGISTRY","automaticUpdatePolicy":{}}]}
[debug] [2024-02-24T07:05:28.543Z] >>> [apiv2][query] GET https://cloudfunctions.googleapis.com/v2/projects/mono-thainow-dev/locations/-/functions filter=environment%3D%22GEN_2%22
[debug] [2024-02-24T07:05:29.226Z] <<< [apiv2][status] GET https://cloudfunctions.googleapis.com/v2/projects/mono-thainow-dev/locations/-/functions 200
[debug] [2024-02-24T07:05:29.227Z] <<< [apiv2][body] GET https://cloudfunctions.googleapis.com/v2/projects/mono-thainow-dev/locations/-/functions {}
[debug] [2024-02-24T07:05:29.232Z] >>> [apiv2][query] GET https://firebase.googleapis.com/v1beta1/projects/mono-thainow-dev [none]
[debug] [2024-02-24T07:05:29.632Z] <<< [apiv2][status] GET https://firebase.googleapis.com/v1beta1/projects/mono-thainow-dev 200
[debug] [2024-02-24T07:05:29.633Z] <<< [apiv2][body] GET https://firebase.googleapis.com/v1beta1/projects/mono-thainow-dev {"projectId":"mono-thainow-dev","projectNumber":"241068529796","displayName":"mono-thainow-dev","name":"projects/mono-thainow-dev","resources":{"hostingSite":"mono-thainow-dev","storageBucket":"mono-thainow-dev.appspot.com","locationId":"us-central"},"state":"ACTIVE","etag":"1_841e0d1f-ae8d-416b-a473-934f9efa2580"}
[debug] [2024-02-24T07:05:29.635Z] >>> [apiv2][query] POST https://cloudfunctions.googleapis.com/v1/projects/mono-thainow-dev/locations/us-central1/functions:generateUploadUrl [none]
[debug] [2024-02-24T07:05:29.635Z] >>> [apiv2][body] POST https://cloudfunctions.googleapis.com/v1/projects/mono-thainow-dev/locations/us-central1/functions:generateUploadUrl {}
[debug] [2024-02-24T07:05:30.406Z] <<< [apiv2][status] POST https://cloudfunctions.googleapis.com/v1/projects/mono-thainow-dev/locations/us-central1/functions:generateUploadUrl 200
[debug] [2024-02-24T07:05:30.407Z] <<< [apiv2][body] POST https://cloudfunctions.googleapis.com/v1/projects/mono-thainow-dev/locations/us-central1/functions:generateUploadUrl {"uploadUrl":"https://storage.googleapis.com/uploads-448338382640.us-central1.cloudfunctions.appspot.com/bb5c8cb4-54f0-4566-b80b-91f3f3815e58.zip?GoogleAccessId=service-241068529796@gcf-admin-robot.iam.gserviceaccount.com&Expires=1708760130&Signature=jEhoAKqXRtOxpj5leK2iSyCGX9EPZe30ZCaG%2FoBnYt1BuT8LjKxd8wLWZ534QzD%2BjdZ66GhIpXH0OlxBTxxVQtptX5c3ftXDgE5GFb9G5K3TdYLdbsvLY03rKC5Rfgk4tVGBYeTRBgmIg9L6I%2F1EOFeefD4FtkKAWbrR%2BbQR8gdNo5SGMT06frC1fXGQ%2Bcc69zy2m1brEXOTRMV6Zqnnj74n90WO%2Bl4Hk3GMzPAirvKTHblsGw0WWN7cQ7uKUpRFo1wdcDJYJYgSIQZc4YMbibfcMEJ3jo2VcEHgfQHLt7KpT0cGq7LX28Y98uZnlArR5S2M%2FKcf9A5WcQjp80VyWQ%3D%3D"}
[debug] [2024-02-24T07:05:30.411Z] >>> [apiv2][query] PUT https://storage.googleapis.com/uploads-448338382640.us-central1.cloudfunctions.appspot.com/bb5c8cb4-54f0-4566-b80b-91f3f3815e58.zip GoogleAccessId=service-241068529796%40gcf-admin-robot.iam.gserviceaccount.com&Expires=1708760130&Signature=jEhoAKqXRtOxpj5leK2iSyCGX9EPZe30ZCaG%2FoBnYt1BuT8LjKxd8wLWZ534QzD%2BjdZ66GhIpXH0OlxBTxxVQtptX5c3ftXDgE5GFb9G5K3TdYLdbsvLY03rKC5Rfgk4tVGBYeTRBgmIg9L6I%2F1EOFeefD4FtkKAWbrR%2BbQR8gdNo5SGMT06frC1fXGQ%2Bcc69zy2m1brEXOTRMV6Zqnnj74n90WO%2Bl4Hk3GMzPAirvKTHblsGw0WWN7cQ7uKUpRFo1wdcDJYJYgSIQZc4YMbibfcMEJ3jo2VcEHgfQHLt7KpT0cGq7LX28Y98uZnlArR5S2M%2FKcf9A5WcQjp80VyWQ%3D%3D
[debug] [2024-02-24T07:05:30.411Z] >>> [apiv2][body] PUT https://storage.googleapis.com/uploads-448338382640.us-central1.cloudfunctions.appspot.com/bb5c8cb4-54f0-4566-b80b-91f3f3815e58.zip [stream]
[debug] [2024-02-24T07:05:31.058Z] <<< [apiv2][status] PUT https://storage.googleapis.com/uploads-448338382640.us-central1.cloudfunctions.appspot.com/bb5c8cb4-54f0-4566-b80b-91f3f3815e58.zip 200
[debug] [2024-02-24T07:05:31.058Z] <<< [apiv2][body] PUT https://storage.googleapis.com/uploads-448338382640.us-central1.cloudfunctions.appspot.com/bb5c8cb4-54f0-4566-b80b-91f3f3815e58.zip [omitted]
[info] ✔  functions: functions folder uploaded successfully 
[info] i  functions: updating Node.js 16 (1st Gen) function addsocialmeta(us-central1)... 
[debug] [2024-02-24T07:05:31.065Z] >>> [apiv2][query] PATCH https://cloudfunctions.googleapis.com/v1/projects/mono-thainow-dev/locations/us-central1/functions/addsocialmeta updateMask=name%2CsourceUploadUrl%2CentryPoint%2Cruntime%2CdockerRegistry%2Clabels%2ChttpsTrigger.securityLevel%2CminInstances%2CmaxInstances%2CingressSettings%2CenvironmentVariables%2CserviceAccountEmail%2CavailableMemoryMb%2Ctimeout%2CvpcConnector%2CvpcConnectorEgressSettings%2CsourceToken%2CbuildEnvironmentVariables
[debug] [2024-02-24T07:05:31.065Z] >>> [apiv2][body] PATCH https://cloudfunctions.googleapis.com/v1/projects/mono-thainow-dev/locations/us-central1/functions/addsocialmeta {"name":"projects/mono-thainow-dev/locations/us-central1/functions/addsocialmeta","sourceUploadUrl":"https://storage.googleapis.com/uploads-448338382640.us-central1.cloudfunctions.appspot.com/bb5c8cb4-54f0-4566-b80b-91f3f3815e58.zip?GoogleAccessId=service-241068529796@gcf-admin-robot.iam.gserviceaccount.com&Expires=1708760130&Signature=jEhoAKqXRtOxpj5leK2iSyCGX9EPZe30ZCaG%2FoBnYt1BuT8LjKxd8wLWZ534QzD%2BjdZ66GhIpXH0OlxBTxxVQtptX5c3ftXDgE5GFb9G5K3TdYLdbsvLY03rKC5Rfgk4tVGBYeTRBgmIg9L6I%2F1EOFeefD4FtkKAWbrR%2BbQR8gdNo5SGMT06frC1fXGQ%2Bcc69zy2m1brEXOTRMV6Zqnnj74n90WO%2Bl4Hk3GMzPAirvKTHblsGw0WWN7cQ7uKUpRFo1wdcDJYJYgSIQZc4YMbibfcMEJ3jo2VcEHgfQHLt7KpT0cGq7LX28Y98uZnlArR5S2M%2FKcf9A5WcQjp80VyWQ%3D%3D","entryPoint":"addsocialmeta","runtime":"nodejs16","dockerRegistry":"ARTIFACT_REGISTRY","labels":{"deployment-tool":"cli-firebase","firebase-functions-hash":"299456ffdf749d6b1f1eb6adc521e7f77e3c8e5a"},"httpsTrigger":{"securityLevel":"SECURE_ALWAYS"},"minInstances":null,"maxInstances":null,"ingressSettings":null,"environmentVariables":{"FIREBASE_CONFIG":"{\"projectId\":\"mono-thainow-dev\",\"storageBucket\":\"mono-thainow-dev.appspot.com\",\"locationId\":\"us-central\"}","GCLOUD_PROJECT":"mono-thainow-dev","EVENTARC_CLOUD_EVENT_SOURCE":"projects/mono-thainow-dev/locations/us-central1/functions/addsocialmeta"},"serviceAccountEmail":null,"availableMemoryMb":null,"timeout":null,"vpcConnector":null,"vpcConnectorEgressSettings":null,"buildEnvironmentVariables":{"GOOGLE_NODE_RUN_SCRIPTS":""}}
[debug] [2024-02-24T07:05:31.651Z] <<< [apiv2][status] PATCH https://cloudfunctions.googleapis.com/v1/projects/mono-thainow-dev/locations/us-central1/functions/addsocialmeta 200
[debug] [2024-02-24T07:05:31.656Z] <<< [apiv2][body] PATCH https://cloudfunctions.googleapis.com/v1/projects/mono-thainow-dev/locations/us-central1/functions/addsocialmeta {"name":"operations/bW9uby10aGFpbm93LWRldi91cy1jZW50cmFsMS9hZGRzb2NpYWxtZXRhL2xWMXFpeGNOMHJz","metadata":{"@type":"type.googleapis.com/google.cloud.functions.v1.OperationMetadataV1","target":"projects/mono-thainow-dev/locations/us-central1/functions/addsocialmeta","type":"UPDATE_FUNCTION","request":{"@type":"type.googleapis.com/google.cloud.functions.v1.CloudFunction","name":"projects/mono-thainow-dev/locations/us-central1/functions/addsocialmeta","httpsTrigger":{"url":"https://us-central1-mono-thainow-dev.cloudfunctions.net/addsocialmeta","securityLevel":"SECURE_ALWAYS"},"status":"OFFLINE","entryPoint":"addsocialmeta","updateTime":"2024-02-24T07:01:51.586Z","versionId":"1","labels":{"deployment-tool":"cli-firebase","firebase-functions-hash":"299456ffdf749d6b1f1eb6adc521e7f77e3c8e5a"},"sourceUploadUrl":"https://storage.googleapis.com/uploads-448338382640.us-central1.cloudfunctions.appspot.com/bb5c8cb4-54f0-4566-b80b-91f3f3815e58.zip?GoogleAccessId=service-241068529796@gcf-admin-robot.iam.gserviceaccount.com&Expires=1708760130&Signature=jEhoAKqXRtOxpj5leK2iSyCGX9EPZe30ZCaG%2FoBnYt1BuT8LjKxd8wLWZ534QzD%2BjdZ66GhIpXH0OlxBTxxVQtptX5c3ftXDgE5GFb9G5K3TdYLdbsvLY03rKC5Rfgk4tVGBYeTRBgmIg9L6I%2F1EOFeefD4FtkKAWbrR%2BbQR8gdNo5SGMT06frC1fXGQ%2Bcc69zy2m1brEXOTRMV6Zqnnj74n90WO%2Bl4Hk3GMzPAirvKTHblsGw0WWN7cQ7uKUpRFo1wdcDJYJYgSIQZc4YMbibfcMEJ3jo2VcEHgfQHLt7KpT0cGq7LX28Y98uZnlArR5S2M%2FKcf9A5WcQjp80VyWQ%3D%3D","environmentVariables":{"FIREBASE_CONFIG":"{\"projectId\":\"mono-thainow-dev\",\"storageBucket\":\"mono-thainow-dev.appspot.com\",\"locationId\":\"us-central\"}","GCLOUD_PROJECT":"mono-thainow-dev","EVENTARC_CLOUD_EVENT_SOURCE":"projects/mono-thainow-dev/locations/us-central1/functions/addsocialmeta"},"runtime":"nodejs16","buildId":"cef87f6f-844e-4dd8-bdfb-9b1dd8b61560","buildEnvironmentVariables":{"GOOGLE_NODE_RUN_SCRIPTS":""},"buildName":"projects/241068529796/locations/us-central1/builds/cef87f6f-844e-4dd8-bdfb-9b1dd8b61560","dockerRegistry":"ARTIFACT_REGISTRY","automaticUpdatePolicy":{}},"versionId":"2","updateTime":"2024-02-24T07:05:31Z"}}
[debug] [2024-02-24T07:05:31.659Z] >>> [apiv2][query] GET https://cloudfunctions.googleapis.com/v1/operations/bW9uby10aGFpbm93LWRldi91cy1jZW50cmFsMS9hZGRzb2NpYWxtZXRhL2xWMXFpeGNOMHJz [none]
[debug] [2024-02-24T07:05:32.251Z] <<< [apiv2][status] GET https://cloudfunctions.googleapis.com/v1/operations/bW9uby10aGFpbm93LWRldi91cy1jZW50cmFsMS9hZGRzb2NpYWxtZXRhL2xWMXFpeGNOMHJz 200
[debug] [2024-02-24T07:05:32.255Z] <<< [apiv2][body] GET https://cloudfunctions.googleapis.com/v1/operations/bW9uby10aGFpbm93LWRldi91cy1jZW50cmFsMS9hZGRzb2NpYWxtZXRhL2xWMXFpeGNOMHJz {"name":"operations/bW9uby10aGFpbm93LWRldi91cy1jZW50cmFsMS9hZGRzb2NpYWxtZXRhL2xWMXFpeGNOMHJz","metadata":{"@type":"type.googleapis.com/google.cloud.functions.v1.OperationMetadataV1","target":"projects/mono-thainow-dev/locations/us-central1/functions/addsocialmeta","type":"UPDATE_FUNCTION","request":{"@type":"type.googleapis.com/google.cloud.functions.v1.CloudFunction","name":"projects/mono-thainow-dev/locations/us-central1/functions/addsocialmeta","httpsTrigger":{"url":"https://us-central1-mono-thainow-dev.cloudfunctions.net/addsocialmeta","securityLevel":"SECURE_ALWAYS"},"status":"OFFLINE","entryPoint":"addsocialmeta","updateTime":"2024-02-24T07:01:51.586Z","versionId":"1","labels":{"deployment-tool":"cli-firebase","firebase-functions-hash":"299456ffdf749d6b1f1eb6adc521e7f77e3c8e5a"},"sourceUploadUrl":"https://storage.googleapis.com/uploads-448338382640.us-central1.cloudfunctions.appspot.com/bb5c8cb4-54f0-4566-b80b-91f3f3815e58.zip?GoogleAccessId=service-241068529796@gcf-admin-robot.iam.gserviceaccount.com&Expires=1708760130&Signature=jEhoAKqXRtOxpj5leK2iSyCGX9EPZe30ZCaG%2FoBnYt1BuT8LjKxd8wLWZ534QzD%2BjdZ66GhIpXH0OlxBTxxVQtptX5c3ftXDgE5GFb9G5K3TdYLdbsvLY03rKC5Rfgk4tVGBYeTRBgmIg9L6I%2F1EOFeefD4FtkKAWbrR%2BbQR8gdNo5SGMT06frC1fXGQ%2Bcc69zy2m1brEXOTRMV6Zqnnj74n90WO%2Bl4Hk3GMzPAirvKTHblsGw0WWN7cQ7uKUpRFo1wdcDJYJYgSIQZc4YMbibfcMEJ3jo2VcEHgfQHLt7KpT0cGq7LX28Y98uZnlArR5S2M%2FKcf9A5WcQjp80VyWQ%3D%3D","environmentVariables":{"FIREBASE_CONFIG":"{\"projectId\":\"mono-thainow-dev\",\"storageBucket\":\"mono-thainow-dev.appspot.com\",\"locationId\":\"us-central\"}","GCLOUD_PROJECT":"mono-thainow-dev","EVENTARC_CLOUD_EVENT_SOURCE":"projects/mono-thainow-dev/locations/us-central1/functions/addsocialmeta"},"runtime":"nodejs16","buildId":"cef87f6f-844e-4dd8-bdfb-9b1dd8b61560","buildEnvironmentVariables":{"GOOGLE_NODE_RUN_SCRIPTS":""},"buildName":"projects/241068529796/locations/us-central1/builds/cef87f6f-844e-4dd8-bdfb-9b1dd8b61560","dockerRegistry":"ARTIFACT_REGISTRY","automaticUpdatePolicy":{}},"versionId":"2","updateTime":"2024-02-24T07:05:31Z"}}
[debug] [2024-02-24T07:05:32.758Z] [update-default-us-central1-addsocialmeta] Retrying task index 0
[debug] [2024-02-24T07:05:32.763Z] >>> [apiv2][query] GET https://cloudfunctions.googleapis.com/v1/operations/bW9uby10aGFpbm93LWRldi91cy1jZW50cmFsMS9hZGRzb2NpYWxtZXRhL2xWMXFpeGNOMHJz [none]
[debug] [2024-02-24T07:05:32.954Z] <<< [apiv2][status] GET https://cloudfunctions.googleapis.com/v1/operations/bW9uby10aGFpbm93LWRldi91cy1jZW50cmFsMS9hZGRzb2NpYWxtZXRhL2xWMXFpeGNOMHJz 200
[debug] [2024-02-24T07:05:32.955Z] <<< [apiv2][body] GET https://cloudfunctions.googleapis.com/v1/operations/bW9uby10aGFpbm93LWRldi91cy1jZW50cmFsMS9hZGRzb2NpYWxtZXRhL2xWMXFpeGNOMHJz {"name":"operations/bW9uby10aGFpbm93LWRldi91cy1jZW50cmFsMS9hZGRzb2NpYWxtZXRhL2xWMXFpeGNOMHJz","metadata":{"@type":"type.googleapis.com/google.cloud.functions.v1.OperationMetadataV1","target":"projects/mono-thainow-dev/locations/us-central1/functions/addsocialmeta","type":"UPDATE_FUNCTION","request":{"@type":"type.googleapis.com/google.cloud.functions.v1.CloudFunction","name":"projects/mono-thainow-dev/locations/us-central1/functions/addsocialmeta","httpsTrigger":{"url":"https://us-central1-mono-thainow-dev.cloudfunctions.net/addsocialmeta","securityLevel":"SECURE_ALWAYS"},"status":"OFFLINE","entryPoint":"addsocialmeta","updateTime":"2024-02-24T07:01:51.586Z","versionId":"1","labels":{"deployment-tool":"cli-firebase","firebase-functions-hash":"299456ffdf749d6b1f1eb6adc521e7f77e3c8e5a"},"sourceUploadUrl":"https://storage.googleapis.com/uploads-448338382640.us-central1.cloudfunctions.appspot.com/bb5c8cb4-54f0-4566-b80b-91f3f3815e58.zip?GoogleAccessId=service-241068529796@gcf-admin-robot.iam.gserviceaccount.com&Expires=1708760130&Signature=jEhoAKqXRtOxpj5leK2iSyCGX9EPZe30ZCaG%2FoBnYt1BuT8LjKxd8wLWZ534QzD%2BjdZ66GhIpXH0OlxBTxxVQtptX5c3ftXDgE5GFb9G5K3TdYLdbsvLY03rKC5Rfgk4tVGBYeTRBgmIg9L6I%2F1EOFeefD4FtkKAWbrR%2BbQR8gdNo5SGMT06frC1fXGQ%2Bcc69zy2m1brEXOTRMV6Zqnnj74n90WO%2Bl4Hk3GMzPAirvKTHblsGw0WWN7cQ7uKUpRFo1wdcDJYJYgSIQZc4YMbibfcMEJ3jo2VcEHgfQHLt7KpT0cGq7LX28Y98uZnlArR5S2M%2FKcf9A5WcQjp80VyWQ%3D%3D","environmentVariables":{"FIREBASE_CONFIG":"{\"projectId\":\"mono-thainow-dev\",\"storageBucket\":\"mono-thainow-dev.appspot.com\",\"locationId\":\"us-central\"}","GCLOUD_PROJECT":"mono-thainow-dev","EVENTARC_CLOUD_EVENT_SOURCE":"projects/mono-thainow-dev/locations/us-central1/functions/addsocialmeta"},"runtime":"nodejs16","buildId":"cef87f6f-844e-4dd8-bdfb-9b1dd8b61560","buildEnvironmentVariables":{"GOOGLE_NODE_RUN_SCRIPTS":""},"buildName":"projects/241068529796/locations/us-central1/builds/cef87f6f-844e-4dd8-bdfb-9b1dd8b61560","dockerRegistry":"ARTIFACT_REGISTRY","automaticUpdatePolicy":{}},"versionId":"2","updateTime":"2024-02-24T07:05:31Z","buildId":"493915f3-9c29-42da-8643-d0e46922ff51","buildName":"projects/241068529796/locations/us-central1/builds/493915f3-9c29-42da-8643-d0e46922ff51"}}
[debug] [2024-02-24T07:05:33.957Z] [update-default-us-central1-addsocialmeta] Retrying task index 0
[debug] [2024-02-24T07:05:33.959Z] >>> [apiv2][query] GET https://cloudfunctions.googleapis.com/v1/operations/bW9uby10aGFpbm93LWRldi91cy1jZW50cmFsMS9hZGRzb2NpYWxtZXRhL2xWMXFpeGNOMHJz [none]
[debug] [2024-02-24T07:05:34.189Z] <<< [apiv2][status] GET https://cloudfunctions.googleapis.com/v1/operations/bW9uby10aGFpbm93LWRldi91cy1jZW50cmFsMS9hZGRzb2NpYWxtZXRhL2xWMXFpeGNOMHJz 200
[debug] [2024-02-24T07:05:34.190Z] <<< [apiv2][body] GET https://cloudfunctions.googleapis.com/v1/operations/bW9uby10aGFpbm93LWRldi91cy1jZW50cmFsMS9hZGRzb2NpYWxtZXRhL2xWMXFpeGNOMHJz {"name":"operations/bW9uby10aGFpbm93LWRldi91cy1jZW50cmFsMS9hZGRzb2NpYWxtZXRhL2xWMXFpeGNOMHJz","metadata":{"@type":"type.googleapis.com/google.cloud.functions.v1.OperationMetadataV1","target":"projects/mono-thainow-dev/locations/us-central1/functions/addsocialmeta","type":"UPDATE_FUNCTION","request":{"@type":"type.googleapis.com/google.cloud.functions.v1.CloudFunction","name":"projects/mono-thainow-dev/locations/us-central1/functions/addsocialmeta","httpsTrigger":{"url":"https://us-central1-mono-thainow-dev.cloudfunctions.net/addsocialmeta","securityLevel":"SECURE_ALWAYS"},"status":"OFFLINE","entryPoint":"addsocialmeta","updateTime":"2024-02-24T07:01:51.586Z","versionId":"1","labels":{"deployment-tool":"cli-firebase","firebase-functions-hash":"299456ffdf749d6b1f1eb6adc521e7f77e3c8e5a"},"sourceUploadUrl":"https://storage.googleapis.com/uploads-448338382640.us-central1.cloudfunctions.appspot.com/bb5c8cb4-54f0-4566-b80b-91f3f3815e58.zip?GoogleAccessId=service-241068529796@gcf-admin-robot.iam.gserviceaccount.com&Expires=1708760130&Signature=jEhoAKqXRtOxpj5leK2iSyCGX9EPZe30ZCaG%2FoBnYt1BuT8LjKxd8wLWZ534QzD%2BjdZ66GhIpXH0OlxBTxxVQtptX5c3ftXDgE5GFb9G5K3TdYLdbsvLY03rKC5Rfgk4tVGBYeTRBgmIg9L6I%2F1EOFeefD4FtkKAWbrR%2BbQR8gdNo5SGMT06frC1fXGQ%2Bcc69zy2m1brEXOTRMV6Zqnnj74n90WO%2Bl4Hk3GMzPAirvKTHblsGw0WWN7cQ7uKUpRFo1wdcDJYJYgSIQZc4YMbibfcMEJ3jo2VcEHgfQHLt7KpT0cGq7LX28Y98uZnlArR5S2M%2FKcf9A5WcQjp80VyWQ%3D%3D","environmentVariables":{"FIREBASE_CONFIG":"{\"projectId\":\"mono-thainow-dev\",\"storageBucket\":\"mono-thainow-dev.appspot.com\",\"locationId\":\"us-central\"}","GCLOUD_PROJECT":"mono-thainow-dev","EVENTARC_CLOUD_EVENT_SOURCE":"projects/mono-thainow-dev/locations/us-central1/functions/addsocialmeta"},"runtime":"nodejs16","buildId":"cef87f6f-844e-4dd8-bdfb-9b1dd8b61560","buildEnvironmentVariables":{"GOOGLE_NODE_RUN_SCRIPTS":""},"buildName":"projects/241068529796/locations/us-central1/builds/cef87f6f-844e-4dd8-bdfb-9b1dd8b61560","dockerRegistry":"ARTIFACT_REGISTRY","automaticUpdatePolicy":{}},"versionId":"2","updateTime":"2024-02-24T07:05:31Z","buildId":"493915f3-9c29-42da-8643-d0e46922ff51","buildName":"projects/241068529796/locations/us-central1/builds/493915f3-9c29-42da-8643-d0e46922ff51"}}
[debug] [2024-02-24T07:05:36.193Z] [update-default-us-central1-addsocialmeta] Retrying task index 0
[debug] [2024-02-24T07:05:36.198Z] >>> [apiv2][query] GET https://cloudfunctions.googleapis.com/v1/operations/bW9uby10aGFpbm93LWRldi91cy1jZW50cmFsMS9hZGRzb2NpYWxtZXRhL2xWMXFpeGNOMHJz [none]
[debug] [2024-02-24T07:05:36.381Z] <<< [apiv2][status] GET https://cloudfunctions.googleapis.com/v1/operations/bW9uby10aGFpbm93LWRldi91cy1jZW50cmFsMS9hZGRzb2NpYWxtZXRhL2xWMXFpeGNOMHJz 200
[debug] [2024-02-24T07:05:36.381Z] <<< [apiv2][body] GET https://cloudfunctions.googleapis.com/v1/operations/bW9uby10aGFpbm93LWRldi91cy1jZW50cmFsMS9hZGRzb2NpYWxtZXRhL2xWMXFpeGNOMHJz {"name":"operations/bW9uby10aGFpbm93LWRldi91cy1jZW50cmFsMS9hZGRzb2NpYWxtZXRhL2xWMXFpeGNOMHJz","metadata":{"@type":"type.googleapis.com/google.cloud.functions.v1.OperationMetadataV1","target":"projects/mono-thainow-dev/locations/us-central1/functions/addsocialmeta","type":"UPDATE_FUNCTION","request":{"@type":"type.googleapis.com/google.cloud.functions.v1.CloudFunction","name":"projects/mono-thainow-dev/locations/us-central1/functions/addsocialmeta","httpsTrigger":{"url":"https://us-central1-mono-thainow-dev.cloudfunctions.net/addsocialmeta","securityLevel":"SECURE_ALWAYS"},"status":"OFFLINE","entryPoint":"addsocialmeta","updateTime":"2024-02-24T07:01:51.586Z","versionId":"1","labels":{"deployment-tool":"cli-firebase","firebase-functions-hash":"299456ffdf749d6b1f1eb6adc521e7f77e3c8e5a"},"sourceUploadUrl":"https://storage.googleapis.com/uploads-448338382640.us-central1.cloudfunctions.appspot.com/bb5c8cb4-54f0-4566-b80b-91f3f3815e58.zip?GoogleAccessId=service-241068529796@gcf-admin-robot.iam.gserviceaccount.com&Expires=1708760130&Signature=jEhoAKqXRtOxpj5leK2iSyCGX9EPZe30ZCaG%2FoBnYt1BuT8LjKxd8wLWZ534QzD%2BjdZ66GhIpXH0OlxBTxxVQtptX5c3ftXDgE5GFb9G5K3TdYLdbsvLY03rKC5Rfgk4tVGBYeTRBgmIg9L6I%2F1EOFeefD4FtkKAWbrR%2BbQR8gdNo5SGMT06frC1fXGQ%2Bcc69zy2m1brEXOTRMV6Zqnnj74n90WO%2Bl4Hk3GMzPAirvKTHblsGw0WWN7cQ7uKUpRFo1wdcDJYJYgSIQZc4YMbibfcMEJ3jo2VcEHgfQHLt7KpT0cGq7LX28Y98uZnlArR5S2M%2FKcf9A5WcQjp80VyWQ%3D%3D","environmentVariables":{"FIREBASE_CONFIG":"{\"projectId\":\"mono-thainow-dev\",\"storageBucket\":\"mono-thainow-dev.appspot.com\",\"locationId\":\"us-central\"}","GCLOUD_PROJECT":"mono-thainow-dev","EVENTARC_CLOUD_EVENT_SOURCE":"projects/mono-thainow-dev/locations/us-central1/functions/addsocialmeta"},"runtime":"nodejs16","buildId":"cef87f6f-844e-4dd8-bdfb-9b1dd8b61560","buildEnvironmentVariables":{"GOOGLE_NODE_RUN_SCRIPTS":""},"buildName":"projects/241068529796/locations/us-central1/builds/cef87f6f-844e-4dd8-bdfb-9b1dd8b61560","dockerRegistry":"ARTIFACT_REGISTRY","automaticUpdatePolicy":{}},"versionId":"2","updateTime":"2024-02-24T07:05:31Z","buildId":"493915f3-9c29-42da-8643-d0e46922ff51","buildName":"projects/241068529796/locations/us-central1/builds/493915f3-9c29-42da-8643-d0e46922ff51"}}
[debug] [2024-02-24T07:05:40.384Z] [update-default-us-central1-addsocialmeta] Retrying task index 0
[debug] [2024-02-24T07:05:40.389Z] >>> [apiv2][query] GET https://cloudfunctions.googleapis.com/v1/operations/bW9uby10aGFpbm93LWRldi91cy1jZW50cmFsMS9hZGRzb2NpYWxtZXRhL2xWMXFpeGNOMHJz [none]
[debug] [2024-02-24T07:05:40.915Z] <<< [apiv2][status] GET https://cloudfunctions.googleapis.com/v1/operations/bW9uby10aGFpbm93LWRldi91cy1jZW50cmFsMS9hZGRzb2NpYWxtZXRhL2xWMXFpeGNOMHJz 200
[debug] [2024-02-24T07:05:40.915Z] <<< [apiv2][body] GET https://cloudfunctions.googleapis.com/v1/operations/bW9uby10aGFpbm93LWRldi91cy1jZW50cmFsMS9hZGRzb2NpYWxtZXRhL2xWMXFpeGNOMHJz {"name":"operations/bW9uby10aGFpbm93LWRldi91cy1jZW50cmFsMS9hZGRzb2NpYWxtZXRhL2xWMXFpeGNOMHJz","metadata":{"@type":"type.googleapis.com/google.cloud.functions.v1.OperationMetadataV1","target":"projects/mono-thainow-dev/locations/us-central1/functions/addsocialmeta","type":"UPDATE_FUNCTION","request":{"@type":"type.googleapis.com/google.cloud.functions.v1.CloudFunction","name":"projects/mono-thainow-dev/locations/us-central1/functions/addsocialmeta","httpsTrigger":{"url":"https://us-central1-mono-thainow-dev.cloudfunctions.net/addsocialmeta","securityLevel":"SECURE_ALWAYS"},"status":"OFFLINE","entryPoint":"addsocialmeta","updateTime":"2024-02-24T07:01:51.586Z","versionId":"1","labels":{"deployment-tool":"cli-firebase","firebase-functions-hash":"299456ffdf749d6b1f1eb6adc521e7f77e3c8e5a"},"sourceUploadUrl":"https://storage.googleapis.com/uploads-448338382640.us-central1.cloudfunctions.appspot.com/bb5c8cb4-54f0-4566-b80b-91f3f3815e58.zip?GoogleAccessId=service-241068529796@gcf-admin-robot.iam.gserviceaccount.com&Expires=1708760130&Signature=jEhoAKqXRtOxpj5leK2iSyCGX9EPZe30ZCaG%2FoBnYt1BuT8LjKxd8wLWZ534QzD%2BjdZ66GhIpXH0OlxBTxxVQtptX5c3ftXDgE5GFb9G5K3TdYLdbsvLY03rKC5Rfgk4tVGBYeTRBgmIg9L6I%2F1EOFeefD4FtkKAWbrR%2BbQR8gdNo5SGMT06frC1fXGQ%2Bcc69zy2m1brEXOTRMV6Zqnnj74n90WO%2Bl4Hk3GMzPAirvKTHblsGw0WWN7cQ7uKUpRFo1wdcDJYJYgSIQZc4YMbibfcMEJ3jo2VcEHgfQHLt7KpT0cGq7LX28Y98uZnlArR5S2M%2FKcf9A5WcQjp80VyWQ%3D%3D","environmentVariables":{"FIREBASE_CONFIG":"{\"projectId\":\"mono-thainow-dev\",\"storageBucket\":\"mono-thainow-dev.appspot.com\",\"locationId\":\"us-central\"}","GCLOUD_PROJECT":"mono-thainow-dev","EVENTARC_CLOUD_EVENT_SOURCE":"projects/mono-thainow-dev/locations/us-central1/functions/addsocialmeta"},"runtime":"nodejs16","buildId":"cef87f6f-844e-4dd8-bdfb-9b1dd8b61560","buildEnvironmentVariables":{"GOOGLE_NODE_RUN_SCRIPTS":""},"buildName":"projects/241068529796/locations/us-central1/builds/cef87f6f-844e-4dd8-bdfb-9b1dd8b61560","dockerRegistry":"ARTIFACT_REGISTRY","automaticUpdatePolicy":{}},"versionId":"2","updateTime":"2024-02-24T07:05:31Z","buildId":"493915f3-9c29-42da-8643-d0e46922ff51","buildName":"projects/241068529796/locations/us-central1/builds/493915f3-9c29-42da-8643-d0e46922ff51"}}
[debug] [2024-02-24T07:05:48.918Z] [update-default-us-central1-addsocialmeta] Retrying task index 0
[debug] [2024-02-24T07:05:48.920Z] >>> [apiv2][query] GET https://cloudfunctions.googleapis.com/v1/operations/bW9uby10aGFpbm93LWRldi91cy1jZW50cmFsMS9hZGRzb2NpYWxtZXRhL2xWMXFpeGNOMHJz [none]
[debug] [2024-02-24T07:05:49.100Z] <<< [apiv2][status] GET https://cloudfunctions.googleapis.com/v1/operations/bW9uby10aGFpbm93LWRldi91cy1jZW50cmFsMS9hZGRzb2NpYWxtZXRhL2xWMXFpeGNOMHJz 200
[debug] [2024-02-24T07:05:49.100Z] <<< [apiv2][body] GET https://cloudfunctions.googleapis.com/v1/operations/bW9uby10aGFpbm93LWRldi91cy1jZW50cmFsMS9hZGRzb2NpYWxtZXRhL2xWMXFpeGNOMHJz {"name":"operations/bW9uby10aGFpbm93LWRldi91cy1jZW50cmFsMS9hZGRzb2NpYWxtZXRhL2xWMXFpeGNOMHJz","metadata":{"@type":"type.googleapis.com/google.cloud.functions.v1.OperationMetadataV1","target":"projects/mono-thainow-dev/locations/us-central1/functions/addsocialmeta","type":"UPDATE_FUNCTION","request":{"@type":"type.googleapis.com/google.cloud.functions.v1.CloudFunction","name":"projects/mono-thainow-dev/locations/us-central1/functions/addsocialmeta","httpsTrigger":{"url":"https://us-central1-mono-thainow-dev.cloudfunctions.net/addsocialmeta","securityLevel":"SECURE_ALWAYS"},"status":"OFFLINE","entryPoint":"addsocialmeta","updateTime":"2024-02-24T07:01:51.586Z","versionId":"1","labels":{"deployment-tool":"cli-firebase","firebase-functions-hash":"299456ffdf749d6b1f1eb6adc521e7f77e3c8e5a"},"sourceUploadUrl":"https://storage.googleapis.com/uploads-448338382640.us-central1.cloudfunctions.appspot.com/bb5c8cb4-54f0-4566-b80b-91f3f3815e58.zip?GoogleAccessId=service-241068529796@gcf-admin-robot.iam.gserviceaccount.com&Expires=1708760130&Signature=jEhoAKqXRtOxpj5leK2iSyCGX9EPZe30ZCaG%2FoBnYt1BuT8LjKxd8wLWZ534QzD%2BjdZ66GhIpXH0OlxBTxxVQtptX5c3ftXDgE5GFb9G5K3TdYLdbsvLY03rKC5Rfgk4tVGBYeTRBgmIg9L6I%2F1EOFeefD4FtkKAWbrR%2BbQR8gdNo5SGMT06frC1fXGQ%2Bcc69zy2m1brEXOTRMV6Zqnnj74n90WO%2Bl4Hk3GMzPAirvKTHblsGw0WWN7cQ7uKUpRFo1wdcDJYJYgSIQZc4YMbibfcMEJ3jo2VcEHgfQHLt7KpT0cGq7LX28Y98uZnlArR5S2M%2FKcf9A5WcQjp80VyWQ%3D%3D","environmentVariables":{"FIREBASE_CONFIG":"{\"projectId\":\"mono-thainow-dev\",\"storageBucket\":\"mono-thainow-dev.appspot.com\",\"locationId\":\"us-central\"}","GCLOUD_PROJECT":"mono-thainow-dev","EVENTARC_CLOUD_EVENT_SOURCE":"projects/mono-thainow-dev/locations/us-central1/functions/addsocialmeta"},"runtime":"nodejs16","buildId":"cef87f6f-844e-4dd8-bdfb-9b1dd8b61560","buildEnvironmentVariables":{"GOOGLE_NODE_RUN_SCRIPTS":""},"buildName":"projects/241068529796/locations/us-central1/builds/cef87f6f-844e-4dd8-bdfb-9b1dd8b61560","dockerRegistry":"ARTIFACT_REGISTRY","automaticUpdatePolicy":{}},"versionId":"2","updateTime":"2024-02-24T07:05:31Z","buildId":"493915f3-9c29-42da-8643-d0e46922ff51","buildName":"projects/241068529796/locations/us-central1/builds/493915f3-9c29-42da-8643-d0e46922ff51"}}
[debug] [2024-02-24T07:05:59.103Z] [update-default-us-central1-addsocialmeta] Retrying task index 0
[debug] [2024-02-24T07:05:59.107Z] >>> [apiv2][query] GET https://cloudfunctions.googleapis.com/v1/operations/bW9uby10aGFpbm93LWRldi91cy1jZW50cmFsMS9hZGRzb2NpYWxtZXRhL2xWMXFpeGNOMHJz [none]
[debug] [2024-02-24T07:05:59.292Z] <<< [apiv2][status] GET https://cloudfunctions.googleapis.com/v1/operations/bW9uby10aGFpbm93LWRldi91cy1jZW50cmFsMS9hZGRzb2NpYWxtZXRhL2xWMXFpeGNOMHJz 200
[debug] [2024-02-24T07:05:59.292Z] <<< [apiv2][body] GET https://cloudfunctions.googleapis.com/v1/operations/bW9uby10aGFpbm93LWRldi91cy1jZW50cmFsMS9hZGRzb2NpYWxtZXRhL2xWMXFpeGNOMHJz {"name":"operations/bW9uby10aGFpbm93LWRldi91cy1jZW50cmFsMS9hZGRzb2NpYWxtZXRhL2xWMXFpeGNOMHJz","metadata":{"@type":"type.googleapis.com/google.cloud.functions.v1.OperationMetadataV1","target":"projects/mono-thainow-dev/locations/us-central1/functions/addsocialmeta","type":"UPDATE_FUNCTION","request":{"@type":"type.googleapis.com/google.cloud.functions.v1.CloudFunction","name":"projects/mono-thainow-dev/locations/us-central1/functions/addsocialmeta","httpsTrigger":{"url":"https://us-central1-mono-thainow-dev.cloudfunctions.net/addsocialmeta","securityLevel":"SECURE_ALWAYS"},"status":"OFFLINE","entryPoint":"addsocialmeta","updateTime":"2024-02-24T07:01:51.586Z","versionId":"1","labels":{"deployment-tool":"cli-firebase","firebase-functions-hash":"299456ffdf749d6b1f1eb6adc521e7f77e3c8e5a"},"sourceUploadUrl":"https://storage.googleapis.com/uploads-448338382640.us-central1.cloudfunctions.appspot.com/bb5c8cb4-54f0-4566-b80b-91f3f3815e58.zip?GoogleAccessId=service-241068529796@gcf-admin-robot.iam.gserviceaccount.com&Expires=1708760130&Signature=jEhoAKqXRtOxpj5leK2iSyCGX9EPZe30ZCaG%2FoBnYt1BuT8LjKxd8wLWZ534QzD%2BjdZ66GhIpXH0OlxBTxxVQtptX5c3ftXDgE5GFb9G5K3TdYLdbsvLY03rKC5Rfgk4tVGBYeTRBgmIg9L6I%2F1EOFeefD4FtkKAWbrR%2BbQR8gdNo5SGMT06frC1fXGQ%2Bcc69zy2m1brEXOTRMV6Zqnnj74n90WO%2Bl4Hk3GMzPAirvKTHblsGw0WWN7cQ7uKUpRFo1wdcDJYJYgSIQZc4YMbibfcMEJ3jo2VcEHgfQHLt7KpT0cGq7LX28Y98uZnlArR5S2M%2FKcf9A5WcQjp80VyWQ%3D%3D","environmentVariables":{"FIREBASE_CONFIG":"{\"projectId\":\"mono-thainow-dev\",\"storageBucket\":\"mono-thainow-dev.appspot.com\",\"locationId\":\"us-central\"}","GCLOUD_PROJECT":"mono-thainow-dev","EVENTARC_CLOUD_EVENT_SOURCE":"projects/mono-thainow-dev/locations/us-central1/functions/addsocialmeta"},"runtime":"nodejs16","buildId":"cef87f6f-844e-4dd8-bdfb-9b1dd8b61560","buildEnvironmentVariables":{"GOOGLE_NODE_RUN_SCRIPTS":""},"buildName":"projects/241068529796/locations/us-central1/builds/cef87f6f-844e-4dd8-bdfb-9b1dd8b61560","dockerRegistry":"ARTIFACT_REGISTRY","automaticUpdatePolicy":{}},"versionId":"2","updateTime":"2024-02-24T07:05:31Z","buildId":"493915f3-9c29-42da-8643-d0e46922ff51","buildName":"projects/241068529796/locations/us-central1/builds/493915f3-9c29-42da-8643-d0e46922ff51"}}
[debug] [2024-02-24T07:06:09.295Z] [update-default-us-central1-addsocialmeta] Retrying task index 0
[debug] [2024-02-24T07:06:09.299Z] >>> [apiv2][query] GET https://cloudfunctions.googleapis.com/v1/operations/bW9uby10aGFpbm93LWRldi91cy1jZW50cmFsMS9hZGRzb2NpYWxtZXRhL2xWMXFpeGNOMHJz [none]
[debug] [2024-02-24T07:06:09.672Z] <<< [apiv2][status] GET https://cloudfunctions.googleapis.com/v1/operations/bW9uby10aGFpbm93LWRldi91cy1jZW50cmFsMS9hZGRzb2NpYWxtZXRhL2xWMXFpeGNOMHJz 200
[debug] [2024-02-24T07:06:09.672Z] <<< [apiv2][body] GET https://cloudfunctions.googleapis.com/v1/operations/bW9uby10aGFpbm93LWRldi91cy1jZW50cmFsMS9hZGRzb2NpYWxtZXRhL2xWMXFpeGNOMHJz {"name":"operations/bW9uby10aGFpbm93LWRldi91cy1jZW50cmFsMS9hZGRzb2NpYWxtZXRhL2xWMXFpeGNOMHJz","metadata":{"@type":"type.googleapis.com/google.cloud.functions.v1.OperationMetadataV1","target":"projects/mono-thainow-dev/locations/us-central1/functions/addsocialmeta","type":"UPDATE_FUNCTION","request":{"@type":"type.googleapis.com/google.cloud.functions.v1.CloudFunction","name":"projects/mono-thainow-dev/locations/us-central1/functions/addsocialmeta","httpsTrigger":{"url":"https://us-central1-mono-thainow-dev.cloudfunctions.net/addsocialmeta","securityLevel":"SECURE_ALWAYS"},"status":"OFFLINE","entryPoint":"addsocialmeta","updateTime":"2024-02-24T07:01:51.586Z","versionId":"1","labels":{"deployment-tool":"cli-firebase","firebase-functions-hash":"299456ffdf749d6b1f1eb6adc521e7f77e3c8e5a"},"sourceUploadUrl":"https://storage.googleapis.com/uploads-448338382640.us-central1.cloudfunctions.appspot.com/bb5c8cb4-54f0-4566-b80b-91f3f3815e58.zip?GoogleAccessId=service-241068529796@gcf-admin-robot.iam.gserviceaccount.com&Expires=1708760130&Signature=jEhoAKqXRtOxpj5leK2iSyCGX9EPZe30ZCaG%2FoBnYt1BuT8LjKxd8wLWZ534QzD%2BjdZ66GhIpXH0OlxBTxxVQtptX5c3ftXDgE5GFb9G5K3TdYLdbsvLY03rKC5Rfgk4tVGBYeTRBgmIg9L6I%2F1EOFeefD4FtkKAWbrR%2BbQR8gdNo5SGMT06frC1fXGQ%2Bcc69zy2m1brEXOTRMV6Zqnnj74n90WO%2Bl4Hk3GMzPAirvKTHblsGw0WWN7cQ7uKUpRFo1wdcDJYJYgSIQZc4YMbibfcMEJ3jo2VcEHgfQHLt7KpT0cGq7LX28Y98uZnlArR5S2M%2FKcf9A5WcQjp80VyWQ%3D%3D","environmentVariables":{"FIREBASE_CONFIG":"{\"projectId\":\"mono-thainow-dev\",\"storageBucket\":\"mono-thainow-dev.appspot.com\",\"locationId\":\"us-central\"}","GCLOUD_PROJECT":"mono-thainow-dev","EVENTARC_CLOUD_EVENT_SOURCE":"projects/mono-thainow-dev/locations/us-central1/functions/addsocialmeta"},"runtime":"nodejs16","buildId":"cef87f6f-844e-4dd8-bdfb-9b1dd8b61560","buildEnvironmentVariables":{"GOOGLE_NODE_RUN_SCRIPTS":""},"buildName":"projects/241068529796/locations/us-central1/builds/cef87f6f-844e-4dd8-bdfb-9b1dd8b61560","dockerRegistry":"ARTIFACT_REGISTRY","automaticUpdatePolicy":{}},"versionId":"2","updateTime":"2024-02-24T07:05:31Z","buildId":"493915f3-9c29-42da-8643-d0e46922ff51","buildName":"projects/241068529796/locations/us-central1/builds/493915f3-9c29-42da-8643-d0e46922ff51"}}
[debug] [2024-02-24T07:06:19.674Z] [update-default-us-central1-addsocialmeta] Retrying task index 0
[debug] [2024-02-24T07:06:19.678Z] >>> [apiv2][query] GET https://cloudfunctions.googleapis.com/v1/operations/bW9uby10aGFpbm93LWRldi91cy1jZW50cmFsMS9hZGRzb2NpYWxtZXRhL2xWMXFpeGNOMHJz [none]
[debug] [2024-02-24T07:06:19.856Z] <<< [apiv2][status] GET https://cloudfunctions.googleapis.com/v1/operations/bW9uby10aGFpbm93LWRldi91cy1jZW50cmFsMS9hZGRzb2NpYWxtZXRhL2xWMXFpeGNOMHJz 200
[debug] [2024-02-24T07:06:19.856Z] <<< [apiv2][body] GET https://cloudfunctions.googleapis.com/v1/operations/bW9uby10aGFpbm93LWRldi91cy1jZW50cmFsMS9hZGRzb2NpYWxtZXRhL2xWMXFpeGNOMHJz {"name":"operations/bW9uby10aGFpbm93LWRldi91cy1jZW50cmFsMS9hZGRzb2NpYWxtZXRhL2xWMXFpeGNOMHJz","metadata":{"@type":"type.googleapis.com/google.cloud.functions.v1.OperationMetadataV1","target":"projects/mono-thainow-dev/locations/us-central1/functions/addsocialmeta","type":"UPDATE_FUNCTION","request":{"@type":"type.googleapis.com/google.cloud.functions.v1.CloudFunction","name":"projects/mono-thainow-dev/locations/us-central1/functions/addsocialmeta","httpsTrigger":{"url":"https://us-central1-mono-thainow-dev.cloudfunctions.net/addsocialmeta","securityLevel":"SECURE_ALWAYS"},"status":"OFFLINE","entryPoint":"addsocialmeta","updateTime":"2024-02-24T07:01:51.586Z","versionId":"1","labels":{"deployment-tool":"cli-firebase","firebase-functions-hash":"299456ffdf749d6b1f1eb6adc521e7f77e3c8e5a"},"sourceUploadUrl":"https://storage.googleapis.com/uploads-448338382640.us-central1.cloudfunctions.appspot.com/bb5c8cb4-54f0-4566-b80b-91f3f3815e58.zip?GoogleAccessId=service-241068529796@gcf-admin-robot.iam.gserviceaccount.com&Expires=1708760130&Signature=jEhoAKqXRtOxpj5leK2iSyCGX9EPZe30ZCaG%2FoBnYt1BuT8LjKxd8wLWZ534QzD%2BjdZ66GhIpXH0OlxBTxxVQtptX5c3ftXDgE5GFb9G5K3TdYLdbsvLY03rKC5Rfgk4tVGBYeTRBgmIg9L6I%2F1EOFeefD4FtkKAWbrR%2BbQR8gdNo5SGMT06frC1fXGQ%2Bcc69zy2m1brEXOTRMV6Zqnnj74n90WO%2Bl4Hk3GMzPAirvKTHblsGw0WWN7cQ7uKUpRFo1wdcDJYJYgSIQZc4YMbibfcMEJ3jo2VcEHgfQHLt7KpT0cGq7LX28Y98uZnlArR5S2M%2FKcf9A5WcQjp80VyWQ%3D%3D","environmentVariables":{"FIREBASE_CONFIG":"{\"projectId\":\"mono-thainow-dev\",\"storageBucket\":\"mono-thainow-dev.appspot.com\",\"locationId\":\"us-central\"}","GCLOUD_PROJECT":"mono-thainow-dev","EVENTARC_CLOUD_EVENT_SOURCE":"projects/mono-thainow-dev/locations/us-central1/functions/addsocialmeta"},"runtime":"nodejs16","buildId":"cef87f6f-844e-4dd8-bdfb-9b1dd8b61560","buildEnvironmentVariables":{"GOOGLE_NODE_RUN_SCRIPTS":""},"buildName":"projects/241068529796/locations/us-central1/builds/cef87f6f-844e-4dd8-bdfb-9b1dd8b61560","dockerRegistry":"ARTIFACT_REGISTRY","automaticUpdatePolicy":{}},"versionId":"2","updateTime":"2024-02-24T07:05:31Z","buildId":"493915f3-9c29-42da-8643-d0e46922ff51","buildName":"projects/241068529796/locations/us-central1/builds/493915f3-9c29-42da-8643-d0e46922ff51"}}
[debug] [2024-02-24T07:06:29.859Z] [update-default-us-central1-addsocialmeta] Retrying task index 0
[debug] [2024-02-24T07:06:29.863Z] >>> [apiv2][query] GET https://cloudfunctions.googleapis.com/v1/operations/bW9uby10aGFpbm93LWRldi91cy1jZW50cmFsMS9hZGRzb2NpYWxtZXRhL2xWMXFpeGNOMHJz [none]
[debug] [2024-02-24T07:06:30.052Z] <<< [apiv2][status] GET https://cloudfunctions.googleapis.com/v1/operations/bW9uby10aGFpbm93LWRldi91cy1jZW50cmFsMS9hZGRzb2NpYWxtZXRhL2xWMXFpeGNOMHJz 200
[debug] [2024-02-24T07:06:30.052Z] <<< [apiv2][body] GET https://cloudfunctions.googleapis.com/v1/operations/bW9uby10aGFpbm93LWRldi91cy1jZW50cmFsMS9hZGRzb2NpYWxtZXRhL2xWMXFpeGNOMHJz {"name":"operations/bW9uby10aGFpbm93LWRldi91cy1jZW50cmFsMS9hZGRzb2NpYWxtZXRhL2xWMXFpeGNOMHJz","metadata":{"@type":"type.googleapis.com/google.cloud.functions.v1.OperationMetadataV1","target":"projects/mono-thainow-dev/locations/us-central1/functions/addsocialmeta","type":"UPDATE_FUNCTION","request":{"@type":"type.googleapis.com/google.cloud.functions.v1.CloudFunction","name":"projects/mono-thainow-dev/locations/us-central1/functions/addsocialmeta","httpsTrigger":{"url":"https://us-central1-mono-thainow-dev.cloudfunctions.net/addsocialmeta","securityLevel":"SECURE_ALWAYS"},"status":"OFFLINE","entryPoint":"addsocialmeta","updateTime":"2024-02-24T07:01:51.586Z","versionId":"1","labels":{"deployment-tool":"cli-firebase","firebase-functions-hash":"299456ffdf749d6b1f1eb6adc521e7f77e3c8e5a"},"sourceUploadUrl":"https://storage.googleapis.com/uploads-448338382640.us-central1.cloudfunctions.appspot.com/bb5c8cb4-54f0-4566-b80b-91f3f3815e58.zip?GoogleAccessId=service-241068529796@gcf-admin-robot.iam.gserviceaccount.com&Expires=1708760130&Signature=jEhoAKqXRtOxpj5leK2iSyCGX9EPZe30ZCaG%2FoBnYt1BuT8LjKxd8wLWZ534QzD%2BjdZ66GhIpXH0OlxBTxxVQtptX5c3ftXDgE5GFb9G5K3TdYLdbsvLY03rKC5Rfgk4tVGBYeTRBgmIg9L6I%2F1EOFeefD4FtkKAWbrR%2BbQR8gdNo5SGMT06frC1fXGQ%2Bcc69zy2m1brEXOTRMV6Zqnnj74n90WO%2Bl4Hk3GMzPAirvKTHblsGw0WWN7cQ7uKUpRFo1wdcDJYJYgSIQZc4YMbibfcMEJ3jo2VcEHgfQHLt7KpT0cGq7LX28Y98uZnlArR5S2M%2FKcf9A5WcQjp80VyWQ%3D%3D","environmentVariables":{"FIREBASE_CONFIG":"{\"projectId\":\"mono-thainow-dev\",\"storageBucket\":\"mono-thainow-dev.appspot.com\",\"locationId\":\"us-central\"}","GCLOUD_PROJECT":"mono-thainow-dev","EVENTARC_CLOUD_EVENT_SOURCE":"projects/mono-thainow-dev/locations/us-central1/functions/addsocialmeta"},"runtime":"nodejs16","buildId":"cef87f6f-844e-4dd8-bdfb-9b1dd8b61560","buildEnvironmentVariables":{"GOOGLE_NODE_RUN_SCRIPTS":""},"buildName":"projects/241068529796/locations/us-central1/builds/cef87f6f-844e-4dd8-bdfb-9b1dd8b61560","dockerRegistry":"ARTIFACT_REGISTRY","automaticUpdatePolicy":{}},"versionId":"2","updateTime":"2024-02-24T07:05:31Z","buildId":"493915f3-9c29-42da-8643-d0e46922ff51","sourceToken":"b46abeb4-d144-4e4e-8fb8-5c3957c7788b","buildName":"projects/241068529796/locations/us-central1/builds/493915f3-9c29-42da-8643-d0e46922ff51"}}
[debug] [2024-02-24T07:06:30.053Z] Got source token b46abeb4-d144-4e4e-8fb8-5c3957c7788b for region us-central1
[debug] [2024-02-24T07:06:40.056Z] [update-default-us-central1-addsocialmeta] Retrying task index 0
[debug] [2024-02-24T07:06:40.060Z] >>> [apiv2][query] GET https://cloudfunctions.googleapis.com/v1/operations/bW9uby10aGFpbm93LWRldi91cy1jZW50cmFsMS9hZGRzb2NpYWxtZXRhL2xWMXFpeGNOMHJz [none]
[debug] [2024-02-24T07:06:40.291Z] <<< [apiv2][status] GET https://cloudfunctions.googleapis.com/v1/operations/bW9uby10aGFpbm93LWRldi91cy1jZW50cmFsMS9hZGRzb2NpYWxtZXRhL2xWMXFpeGNOMHJz 200
[debug] [2024-02-24T07:06:40.292Z] <<< [apiv2][body] GET https://cloudfunctions.googleapis.com/v1/operations/bW9uby10aGFpbm93LWRldi91cy1jZW50cmFsMS9hZGRzb2NpYWxtZXRhL2xWMXFpeGNOMHJz {"name":"operations/bW9uby10aGFpbm93LWRldi91cy1jZW50cmFsMS9hZGRzb2NpYWxtZXRhL2xWMXFpeGNOMHJz","metadata":{"@type":"type.googleapis.com/google.cloud.functions.v1.OperationMetadataV1","target":"projects/mono-thainow-dev/locations/us-central1/functions/addsocialmeta","type":"UPDATE_FUNCTION","request":{"@type":"type.googleapis.com/google.cloud.functions.v1.CloudFunction","name":"projects/mono-thainow-dev/locations/us-central1/functions/addsocialmeta","httpsTrigger":{"url":"https://us-central1-mono-thainow-dev.cloudfunctions.net/addsocialmeta","securityLevel":"SECURE_ALWAYS"},"status":"OFFLINE","entryPoint":"addsocialmeta","updateTime":"2024-02-24T07:01:51.586Z","versionId":"1","labels":{"deployment-tool":"cli-firebase","firebase-functions-hash":"299456ffdf749d6b1f1eb6adc521e7f77e3c8e5a"},"sourceUploadUrl":"https://storage.googleapis.com/uploads-448338382640.us-central1.cloudfunctions.appspot.com/bb5c8cb4-54f0-4566-b80b-91f3f3815e58.zip?GoogleAccessId=service-241068529796@gcf-admin-robot.iam.gserviceaccount.com&Expires=1708760130&Signature=jEhoAKqXRtOxpj5leK2iSyCGX9EPZe30ZCaG%2FoBnYt1BuT8LjKxd8wLWZ534QzD%2BjdZ66GhIpXH0OlxBTxxVQtptX5c3ftXDgE5GFb9G5K3TdYLdbsvLY03rKC5Rfgk4tVGBYeTRBgmIg9L6I%2F1EOFeefD4FtkKAWbrR%2BbQR8gdNo5SGMT06frC1fXGQ%2Bcc69zy2m1brEXOTRMV6Zqnnj74n90WO%2Bl4Hk3GMzPAirvKTHblsGw0WWN7cQ7uKUpRFo1wdcDJYJYgSIQZc4YMbibfcMEJ3jo2VcEHgfQHLt7KpT0cGq7LX28Y98uZnlArR5S2M%2FKcf9A5WcQjp80VyWQ%3D%3D","environmentVariables":{"FIREBASE_CONFIG":"{\"projectId\":\"mono-thainow-dev\",\"storageBucket\":\"mono-thainow-dev.appspot.com\",\"locationId\":\"us-central\"}","GCLOUD_PROJECT":"mono-thainow-dev","EVENTARC_CLOUD_EVENT_SOURCE":"projects/mono-thainow-dev/locations/us-central1/functions/addsocialmeta"},"runtime":"nodejs16","buildId":"cef87f6f-844e-4dd8-bdfb-9b1dd8b61560","buildEnvironmentVariables":{"GOOGLE_NODE_RUN_SCRIPTS":""},"buildName":"projects/241068529796/locations/us-central1/builds/cef87f6f-844e-4dd8-bdfb-9b1dd8b61560","dockerRegistry":"ARTIFACT_REGISTRY","automaticUpdatePolicy":{}},"versionId":"2","updateTime":"2024-02-24T07:06:34Z","buildId":"493915f3-9c29-42da-8643-d0e46922ff51","sourceToken":"b46abeb4-d144-4e4e-8fb8-5c3957c7788b","buildName":"projects/241068529796/locations/us-central1/builds/493915f3-9c29-42da-8643-d0e46922ff51"},"done":true,"error":{"code":3,"message":"Function failed on loading user code. This is likely due to a bug in the user code. Error message: Provided module can't be loaded.\nDid you list all required modules in the package.json dependencies?\nDetailed stack trace: Error: Cannot find module 'prerender-node'\nRequire stack:\n- /workspace/index.js\n- /layers/google.nodejs.functions-framework/functions-framework/node_modules/@google-cloud/functions-framework/build/src/loader.js\n- /layers/google.nodejs.functions-framework/functions-framework/node_modules/@google-cloud/functions-framework/build/src/main.js\n    at Function.Module._resolveFilename (node:internal/modules/cjs/loader:1028:15)\n    at Function.Module._load (node:internal/modules/cjs/loader:873:27)\n    at Module.require (node:internal/modules/cjs/loader:1100:19)\n    at require (node:internal/modules/cjs/helpers:119:18)\n    at Object.<anonymous> (/workspace/index.js:201:2)\n    at Module._compile (node:internal/modules/cjs/loader:1198:14)\n    at Object.Module._extensions..js (node:internal/modules/cjs/loader:1252:10)\n    at Module.load (node:internal/modules/cjs/loader:1076:32)\n    at Function.Module._load (node:internal/modules/cjs/loader:911:12)\n    at Module.require (node:internal/modules/cjs/loader:1100:19)\nCould not load the function, shutting down.. Please visit https://cloud.google.com/functions/docs/troubleshooting for in-depth troubleshooting documentation."}}
[debug] [2024-02-24T07:06:40.293Z] Got source token b46abeb4-d144-4e4e-8fb8-5c3957c7788b for region us-central1
[error] Function failed on loading user code. This is likely due to a bug in the user code. Error message: Provided module can't be loaded.
Did you list all required modules in the package.json dependencies?
Detailed stack trace: Error: Cannot find module 'prerender-node'
Require stack:
- /workspace/index.js
- /layers/google.nodejs.functions-framework/functions-framework/node_modules/@google-cloud/functions-framework/build/src/loader.js
- /layers/google.nodejs.functions-framework/functions-framework/node_modules/@google-cloud/functions-framework/build/src/main.js
    at Function.Module._resolveFilename (node:internal/modules/cjs/loader:1028:15)
    at Function.Module._load (node:internal/modules/cjs/loader:873:27)
    at Module.require (node:internal/modules/cjs/loader:1100:19)
    at require (node:internal/modules/cjs/helpers:119:18)
    at Object.<anonymous> (/workspace/index.js:201:2)
    at Module._compile (node:internal/modules/cjs/loader:1198:14)
    at Object.Module._extensions..js (node:internal/modules/cjs/loader:1252:10)
    at Module.load (node:internal/modules/cjs/loader:1076:32)
    at Function.Module._load (node:internal/modules/cjs/loader:911:12)
    at Module.require (node:internal/modules/cjs/loader:1100:19)
Could not load the function, shutting down.. Please visit https://cloud.google.com/functions/docs/troubleshooting for in-depth troubleshooting documentation.
[debug] [2024-02-24T07:06:40.309Z] Total Function Deployment time: 69233
[debug] [2024-02-24T07:06:40.309Z] 1 Functions Deployed
[debug] [2024-02-24T07:06:40.309Z] 1 Functions Errored
[debug] [2024-02-24T07:06:40.309Z] 0 Function Deployments Aborted
[debug] [2024-02-24T07:06:40.309Z] Average Function Deployment time: 69232
[info] 
[info] Functions deploy had errors with the following functions:
	addsocialmeta(us-central1)
[debug] [2024-02-24T07:06:40.571Z] Not printing URL for HTTPS function. Typically this means it didn't match a filter or we failed deployment
[info] i  functions: cleaning up build files... 
[debug] [2024-02-24T07:06:40.578Z] >>> [apiv2][query] DELETE https://artifactregistry.googleapis.com/v1beta2/projects/mono-thainow-dev/locations/us-central1/repositories/gcf-artifacts/packages/addsocialmeta [none]
[debug] [2024-02-24T07:06:40.582Z] >>> [apiv2][query] GET https://us.gcr.io/v2/mono-thainow-dev/gcf/us-central1/tags/list [none]
[debug] [2024-02-24T07:06:40.868Z] <<< [apiv2][status] DELETE https://artifactregistry.googleapis.com/v1beta2/projects/mono-thainow-dev/locations/us-central1/repositories/gcf-artifacts/packages/addsocialmeta 200
[debug] [2024-02-24T07:06:40.869Z] <<< [apiv2][body] DELETE https://artifactregistry.googleapis.com/v1beta2/projects/mono-thainow-dev/locations/us-central1/repositories/gcf-artifacts/packages/addsocialmeta {"name":"projects/mono-thainow-dev/locations/us-central1/operations/97035447-f1db-4620-91ae-f0f4339302d4","metadata":{"@type":"type.googleapis.com/google.devtools.artifactregistry.v1beta2.OperationMetadata"}}
[debug] [2024-02-24T07:06:40.870Z] >>> [apiv2][query] GET https://artifactregistry.googleapis.com/v1beta2/projects/mono-thainow-dev/locations/us-central1/operations/97035447-f1db-4620-91ae-f0f4339302d4 [none]
[debug] [2024-02-24T07:06:41.034Z] <<< [apiv2][status] GET https://us.gcr.io/v2/mono-thainow-dev/gcf/us-central1/tags/list 200
[debug] [2024-02-24T07:06:41.034Z] <<< [apiv2][body] GET https://us.gcr.io/v2/mono-thainow-dev/gcf/us-central1/tags/list {"child":[],"manifest":{},"name":"mono-thainow-dev/gcf/us-central1","tags":[]}
[debug] [2024-02-24T07:06:41.034Z] Could not find image for function projects/mono-thainow-dev/locations/us-central1/functions/addsocialmeta
[debug] [2024-02-24T07:06:41.198Z] <<< [apiv2][status] GET https://artifactregistry.googleapis.com/v1beta2/projects/mono-thainow-dev/locations/us-central1/operations/97035447-f1db-4620-91ae-f0f4339302d4 200
[debug] [2024-02-24T07:06:41.200Z] <<< [apiv2][body] GET https://artifactregistry.googleapis.com/v1beta2/projects/mono-thainow-dev/locations/us-central1/operations/97035447-f1db-4620-91ae-f0f4339302d4 {"name":"projects/mono-thainow-dev/locations/us-central1/operations/97035447-f1db-4620-91ae-f0f4339302d4","metadata":{"@type":"type.googleapis.com/google.devtools.artifactregistry.v1beta2.OperationMetadata"},"done":true,"response":{"@type":"type.googleapis.com/google.protobuf.Empty"}}
[debug] [2024-02-24T07:06:41.201Z] Functions deploy failed.
[debug] [2024-02-24T07:06:41.201Z] {
  "endpoint": {
    "id": "addsocialmeta",
    "project": "mono-thainow-dev",
    "region": "us-central1",
    "entryPoint": "addsocialmeta",
    "platform": "gcfv1",
    "runtime": "nodejs16",
    "httpsTrigger": {},
    "serviceAccount": null,
    "ingressSettings": null,
    "availableMemoryMb": null,
    "timeoutSeconds": null,
    "maxInstances": null,
    "minInstances": null,
    "vpc": null,
    "environmentVariables": {
      "FIREBASE_CONFIG": "{\"projectId\":\"mono-thainow-dev\",\"storageBucket\":\"mono-thainow-dev.appspot.com\",\"locationId\":\"us-central\"}",
      "GCLOUD_PROJECT": "mono-thainow-dev",
      "EVENTARC_CLOUD_EVENT_SOURCE": "projects/mono-thainow-dev/locations/us-central1/functions/addsocialmeta"
    },
    "codebase": "default",
    "securityLevel": "SECURE_ALWAYS",
    "targetedByOnly": false,
    "hash": "299456ffdf749d6b1f1eb6adc521e7f77e3c8e5a",
    "labels": {
      "deployment-tool": "cli-firebase"
    }
  },
  "op": "update",
  "original": {
    "name": "FirebaseError",
    "children": [],
    "exit": 1,
    "message": "Function failed on loading user code. This is likely due to a bug in the user code. Error message: Provided module can't be loaded.\nDid you list all required modules in the package.json dependencies?\nDetailed stack trace: Error: Cannot find module 'prerender-node'\nRequire stack:\n- /workspace/index.js\n- /layers/google.nodejs.functions-framework/functions-framework/node_modules/@google-cloud/functions-framework/build/src/loader.js\n- /layers/google.nodejs.functions-framework/functions-framework/node_modules/@google-cloud/functions-framework/build/src/main.js\n    at Function.Module._resolveFilename (node:internal/modules/cjs/loader:1028:15)\n    at Function.Module._load (node:internal/modules/cjs/loader:873:27)\n    at Module.require (node:internal/modules/cjs/loader:1100:19)\n    at require (node:internal/modules/cjs/helpers:119:18)\n    at Object.<anonymous> (/workspace/index.js:201:2)\n    at Module._compile (node:internal/modules/cjs/loader:1198:14)\n    at Object.Module._extensions..js (node:internal/modules/cjs/loader:1252:10)\n    at Module.load (node:internal/modules/cjs/loader:1076:32)\n    at Function.Module._load (node:internal/modules/cjs/loader:911:12)\n    at Module.require (node:internal/modules/cjs/loader:1100:19)\nCould not load the function, shutting down.. Please visit https://cloud.google.com/functions/docs/troubleshooting for in-depth troubleshooting documentation.",
    "status": 3,
    "code": 3
  }
}
[debug] [2024-02-24T07:06:41.429Z] Error: Failed to update function addsocialmeta in region us-central1
    at /usr/local/lib/node_modules/firebase-tools/lib/deploy/functions/release/fabricator.js:51:11
    at processTicksAndRejections (node:internal/process/task_queues:96:5)
    at async Fabricator.updateV1Function (/usr/local/lib/node_modules/firebase-tools/lib/deploy/functions/release/fabricator.js:344:32)
    at async Fabricator.updateEndpoint (/usr/local/lib/node_modules/firebase-tools/lib/deploy/functions/release/fabricator.js:150:13)
    at async handle (/usr/local/lib/node_modules/firebase-tools/lib/deploy/functions/release/fabricator.js:88:17)
[error] 
[error] Error: There was an error deploying functions
[debug] [2024-02-24T07:06:57.056Z] ----------------------------------------------------------------------
[debug] [2024-02-24T07:06:57.058Z] Command:       /usr/local/bin/node /usr/local/bin/firebase emulators:start
[debug] [2024-02-24T07:06:57.059Z] CLI Version:   12.4.0
[debug] [2024-02-24T07:06:57.059Z] Platform:      darwin
[debug] [2024-02-24T07:06:57.060Z] Node Version:  v16.16.0
[debug] [2024-02-24T07:06:57.061Z] Time:          Fri Feb 23 2024 23:06:57 GMT-0800 (Pacific Standard Time)
[debug] [2024-02-24T07:06:57.061Z] ----------------------------------------------------------------------
[debug] 
[debug] [2024-02-24T07:06:57.163Z] Object "" in "firebase.json" has unknown property: {"additionalProperty":"engines"}
[debug] [2024-02-24T07:06:57.169Z] > command requires scopes: ["email","openid","https://www.googleapis.com/auth/cloudplatformprojects.readonly","https://www.googleapis.com/auth/firebase","https://www.googleapis.com/auth/cloud-platform"]
[debug] [2024-02-24T07:06:57.170Z] > authorizing via signed-in user (kvngo@tedkvn.com)
[info] i  emulators: Starting emulators: functions, hosting {"metadata":{"emulator":{"name":"hub"},"message":"Starting emulators: functions, hosting"}}
[debug] [2024-02-24T07:06:58.962Z] [logging] Logging Emulator only supports listening on one address (127.0.0.1). Not listening on ::1
[debug] [2024-02-24T07:06:58.963Z] [hosting] Hosting Emulator only supports listening on one address (127.0.0.1). Not listening on ::1
[debug] [2024-02-24T07:06:58.964Z] assigned listening specs for emulators {"user":{"hub":[{"address":"127.0.0.1","family":"IPv4","port":4400},{"address":"::1","family":"IPv6","port":4400}],"ui":[{"address":"127.0.0.1","family":"IPv4","port":4000},{"address":"::1","family":"IPv6","port":4000}],"logging":[{"address":"127.0.0.1","family":"IPv4","port":4500}],"hosting":[{"address":"127.0.0.1","family":"IPv4","port":3001}]},"metadata":{"message":"assigned listening specs for emulators"}}
[debug] [2024-02-24T07:06:58.983Z] [hub] writing locator at /var/folders/_4/mqrpft8s60schjjkrpm9n19c0000gn/T/hub-mono-thainow-dev.json
[debug] [2024-02-24T07:06:59.845Z] [functions] Functions Emulator only supports listening on one address (127.0.0.1). Not listening on ::1
[debug] [2024-02-24T07:06:59.848Z] [eventarc] Eventarc Emulator only supports listening on one address (127.0.0.1). Not listening on ::1
[debug] [2024-02-24T07:06:59.848Z] late-assigned ports for functions and eventarc emulators {"user":{"hub":[{"address":"127.0.0.1","family":"IPv4","port":4400},{"address":"::1","family":"IPv6","port":4400}],"ui":[{"address":"127.0.0.1","family":"IPv4","port":4000},{"address":"::1","family":"IPv6","port":4000}],"logging":[{"address":"127.0.0.1","family":"IPv4","port":4500}],"hosting":[{"address":"127.0.0.1","family":"IPv4","port":3001}],"functions":[{"address":"127.0.0.1","family":"IPv4","port":5001}],"eventarc":[{"address":"127.0.0.1","family":"IPv4","port":9299}]},"metadata":{"message":"late-assigned ports for functions and eventarc emulators"}}
[warn] ⚠  functions: The following emulators are not running, calls to these services from the Functions emulator will affect production: auth, firestore, database, pubsub, storage {"metadata":{"emulator":{"name":"functions"},"message":"The following emulators are not running, calls to these services from the Functions emulator will affect production: \u001b[1mauth, firestore, database, pubsub, storage\u001b[22m"}}
[debug] [2024-02-24T07:06:59.857Z] defaultcredentials: writing to file /Users/kevinngo/.config/firebase/kvngo_tedkvn_com_application_default_credentials.json
[debug] [2024-02-24T07:06:59.861Z] Setting GAC to /Users/kevinngo/.config/firebase/kvngo_tedkvn_com_application_default_credentials.json {"metadata":{"emulator":{"name":"functions"},"message":"Setting GAC to /Users/kevinngo/.config/firebase/kvngo_tedkvn_com_application_default_credentials.json"}}
[debug] [2024-02-24T07:06:59.863Z] >>> [apiv2][query] GET https://firebase.googleapis.com/v1beta1/projects/mono-thainow-dev/adminSdkConfig [none]
[debug] [2024-02-24T07:07:00.201Z] <<< [apiv2][status] GET https://firebase.googleapis.com/v1beta1/projects/mono-thainow-dev/adminSdkConfig 200
[debug] [2024-02-24T07:07:00.201Z] <<< [apiv2][body] GET https://firebase.googleapis.com/v1beta1/projects/mono-thainow-dev/adminSdkConfig {"projectId":"mono-thainow-dev","storageBucket":"mono-thainow-dev.appspot.com","locationId":"us-central"}
[debug] [2024-02-24T07:07:00.262Z] >>> [apiv2][query] GET https://firebasehosting.googleapis.com/v1beta1/projects/mono-thainow-dev/sites 
[debug] [2024-02-24T07:07:00.793Z] <<< [apiv2][status] GET https://firebasehosting.googleapis.com/v1beta1/projects/mono-thainow-dev/sites 200
[debug] [2024-02-24T07:07:00.794Z] <<< [apiv2][body] GET https://firebasehosting.googleapis.com/v1beta1/projects/mono-thainow-dev/sites {"sites":[{"name":"projects/mono-thainow-dev/sites/mono-thainow-dev","defaultUrl":"https://mono-thainow-dev.web.app","type":"DEFAULT_SITE"}]}
[debug] [2024-02-24T07:07:00.795Z] >>> [apiv2][query] GET https://firebase.googleapis.com/v1beta1/projects/mono-thainow-dev/webApps/-/config [none]
[debug] [2024-02-24T07:07:01.247Z] <<< [apiv2][status] GET https://firebase.googleapis.com/v1beta1/projects/mono-thainow-dev/webApps/-/config 200
[debug] [2024-02-24T07:07:01.247Z] <<< [apiv2][body] GET https://firebase.googleapis.com/v1beta1/projects/mono-thainow-dev/webApps/-/config {"projectId":"mono-thainow-dev","storageBucket":"mono-thainow-dev.appspot.com","locationId":"us-central","apiKey":"AIzaSyDfL8_HY3kWwgrKXZV5vPYHEVy2550YsEM","authDomain":"mono-thainow-dev.firebaseapp.com","messagingSenderId":"241068529796"}
[debug] [2024-02-24T07:07:01.256Z] >>> [apiv2][query] GET https://firebase.googleapis.com/v1beta1/projects/mono-thainow-dev [none]
[debug] [2024-02-24T07:07:01.568Z] <<< [apiv2][status] GET https://firebase.googleapis.com/v1beta1/projects/mono-thainow-dev 200
[debug] [2024-02-24T07:07:01.569Z] <<< [apiv2][body] GET https://firebase.googleapis.com/v1beta1/projects/mono-thainow-dev {"projectId":"mono-thainow-dev","projectNumber":"241068529796","displayName":"mono-thainow-dev","name":"projects/mono-thainow-dev","resources":{"hostingSite":"mono-thainow-dev","storageBucket":"mono-thainow-dev.appspot.com","locationId":"us-central"},"state":"ACTIVE","etag":"1_841e0d1f-ae8d-416b-a473-934f9efa2580"}
[info] i  hosting[mono-thainow-dev]: Serving hosting files from: build {"metadata":{"emulator":{"name":"hosting"},"message":"Serving hosting files from: \u001b[1mbuild\u001b[22m"}}
[info] ✔  hosting[mono-thainow-dev]: Local server: http://127.0.0.1:3001 {"metadata":{"emulator":{"name":"hosting"},"message":"Local server: \u001b[4m\u001b[1mhttp://127.0.0.1:3001\u001b[22m\u001b[24m"}}
[debug] [2024-02-24T07:07:01.849Z] Ignoring unsupported arg: auto_download {"metadata":{"emulator":{"name":"ui"},"message":"Ignoring unsupported arg: auto_download"}}
[debug] [2024-02-24T07:07:01.849Z] Ignoring unsupported arg: port {"metadata":{"emulator":{"name":"ui"},"message":"Ignoring unsupported arg: port"}}
[debug] [2024-02-24T07:07:01.849Z] Starting Emulator UI with command {"binary":"node","args":["/Users/kevinngo/.cache/firebase/emulators/ui-v1.11.6/server/server.js"],"optionalArgs":[],"joinArgs":false} {"metadata":{"emulator":{"name":"ui"},"message":"Starting Emulator UI with command {\"binary\":\"node\",\"args\":[\"/Users/kevinngo/.cache/firebase/emulators/ui-v1.11.6/server/server.js\"],\"optionalArgs\":[],\"joinArgs\":false}"}}
[info] i  ui: Emulator UI logging to ui-debug.log {"metadata":{"emulator":{"name":"ui"},"message":"Emulator UI logging to \u001b[1mui-debug.log\u001b[22m"}}
[debug] [2024-02-24T07:07:01.960Z] Web / API server started at 127.0.0.1:4000
 {"metadata":{"emulator":{"name":"ui"},"message":"Web / API server started at 127.0.0.1:4000\n"}}
[debug] [2024-02-24T07:07:01.960Z] Web / API server started at ::1:4000
 {"metadata":{"emulator":{"name":"ui"},"message":"Web / API server started at ::1:4000\n"}}
[info] i  functions: Watching "/Users/kevinngo/Projects_local_disk/thainow-mono-ui/functions" for Cloud Functions... {"metadata":{"emulator":{"name":"functions"},"message":"Watching \"/Users/kevinngo/Projects_local_disk/thainow-mono-ui/functions\" for Cloud Functions..."}}
[debug] [2024-02-24T07:07:02.137Z] Validating nodejs source
[debug] [2024-02-24T07:07:02.784Z] > [functions] package.json contents: {
  "name": "functions",
  "description": "Cloud Functions for Firebase",
  "scripts": {
    "lint": "eslint .",
    "serve": "firebase emulators:start --only functions",
    "shell": "firebase functions:shell",
    "start": "npm run shell",
    "deploy": "firebase deploy --only functions",
    "logs": "firebase functions:log"
  },
  "engines": {
    "node": "16"
  },
  "main": "index.js",
  "dependencies": {
    "express": "^4.18.2",
    "firebase-admin": "^10.0.2",
    "firebase-functions": "^4.7.0",
    "path": "^0.12.7",
    "sharp": "^0.31.0",
    "prerender-node": "^3.7.0"
  },
  "devDependencies": {
    "eslint": "^8.9.0",
    "eslint-config-google": "^0.14.0",
    "firebase-functions-test": "^0.2.0",
    "prerender-node": "^3.7.0"
  },
  "private": true
}
[debug] [2024-02-24T07:07:02.785Z] Building nodejs source
[debug] [2024-02-24T07:07:02.785Z] Failed to find version of module node: reached end of search path /Users/kevinngo/Projects_local_disk/thainow-mono-ui/functions/node_modules
[info] ✔  functions: Using node@16 from host. 
[debug] [2024-02-24T07:07:02.788Z] Could not find functions.yaml. Must use http discovery
[debug] [2024-02-24T07:07:02.796Z] Found firebase-functions binary at '/Users/kevinngo/Projects_local_disk/thainow-mono-ui/functions/node_modules/.bin/firebase-functions'
[debug] [2024-02-24T07:07:03.081Z] Serving at port 8776

[debug] [2024-02-24T07:07:03.228Z] Got response from /__/functions.yaml {"endpoints":{"addsocialmeta":{"platform":"gcfv1","availableMemoryMb":null,"timeoutSeconds":null,"minInstances":null,"maxInstances":null,"ingressSettings":null,"serviceAccountEmail":null,"vpc":null,"httpsTrigger":{},"entryPoint":"addsocialmeta"}},"specVersion":"v1alpha1","requiredAPIs":[]}
[info] ✔  functions: Loaded functions definitions from source: addsocialmeta. {"metadata":{"emulator":{"name":"functions"},"message":"Loaded functions definitions from source: addsocialmeta."}}
[info] ✔  functions[us-central1-addsocialmeta]: http function initialized (http://127.0.0.1:5001/mono-thainow-dev/us-central1/addsocialmeta). {"metadata":{"emulator":{"name":"functions"},"message":"\u001b[1mhttp\u001b[22m function initialized (http://127.0.0.1:5001/mono-thainow-dev/us-central1/addsocialmeta)."}}
[info] 
┌─────────────────────────────────────────────────────────────┐
│ ✔  All emulators ready! It is now safe to connect your app. │
│ i  View Emulator UI at http://127.0.0.1:4000/               │
└─────────────────────────────────────────────────────────────┘

┌───────────┬────────────────┬─────────────────────────────────┐
│ Emulator  │ Host:Port      │ View in Emulator UI             │
├───────────┼────────────────┼─────────────────────────────────┤
│ Functions │ 127.0.0.1:5001 │ http://127.0.0.1:4000/functions │
├───────────┼────────────────┼─────────────────────────────────┤
│ Hosting   │ 127.0.0.1:3001 │ n/a                             │
└───────────┴────────────────┴─────────────────────────────────┘
  Emulator Hub running at 127.0.0.1:4400
  Other reserved ports: 4500

Issues? Report them at https://github.com/firebase/firebase-tools/issues and attach the *-debug.log files.
 
[info] [hosting] Rewriting /guidebook/71 to http://127.0.0.1:5001/mono-thainow-dev/us-central1/addsocialmeta for local Function us-central1/addsocialmeta
[debug] [2024-02-24T07:07:05.455Z] >>> [apiv2][query] GET http://127.0.0.1:5001/mono-thainow-dev/us-central1/addsocialmeta/guidebook/71 
[debug] [2024-02-24T07:07:05.466Z] [work-queue] {"queuedWork":["/mono-thainow-dev/us-central1/addsocialmeta/guidebook/71-2024-02-24T07:07:05.466Z"],"queueLength":1,"runningWork":[],"workRunningCount":0}
[debug] [2024-02-24T07:07:05.467Z] [work-queue] {"queuedWork":[],"queueLength":0,"runningWork":["/mono-thainow-dev/us-central1/addsocialmeta/guidebook/71-2024-02-24T07:07:05.466Z"],"workRunningCount":1}
[debug] [2024-02-24T07:07:05.468Z] Accepted request GET /mono-thainow-dev/us-central1/addsocialmeta/guidebook/71 --> us-central1-addsocialmeta
[debug] [2024-02-24T07:07:05.478Z] [functions] Runtime ready! Sending request! {"metadata":{"emulator":{"name":"functions"},"message":"[functions] Runtime ready! Sending request!"}}
[debug] [2024-02-24T07:07:05.479Z] [functions] Got req.url=/mono-thainow-dev/us-central1/addsocialmeta/guidebook/71, mapping to path=/guidebook/71 {"metadata":{"emulator":{"name":"functions"},"message":"[functions] Got req.url=/mono-thainow-dev/us-central1/addsocialmeta/guidebook/71, mapping to path=/guidebook/71"}}
[debug] [2024-02-24T07:07:05.515Z] [worker-pool] addWorker(us-central1-addsocialmeta) {"metadata":{"emulator":{"name":"functions"},"message":"[worker-pool] addWorker(us-central1-addsocialmeta)"}}
[debug] [2024-02-24T07:07:05.516Z] [worker-pool] Adding worker with key us-central1-addsocialmeta, total=1 {"metadata":{"emulator":{"name":"functions"},"message":"[worker-pool] Adding worker with key us-central1-addsocialmeta, total=1"}}
[debug] [2024-02-24T07:07:06.210Z] [runtime-status] [5279] Resolved module firebase-admin {"declared":true,"installed":true,"version":"10.3.0","resolution":"/Users/kevinngo/Projects_local_disk/thainow-mono-ui/functions/node_modules/firebase-admin/lib/index.js"} {"metadata":{"emulator":{"name":"functions"},"function":{"name":"us-central1-addsocialmeta"},"extension":{},"message":"[runtime-status] [5279] Resolved module firebase-admin {\"declared\":true,\"installed\":true,\"version\":\"10.3.0\",\"resolution\":\"/Users/kevinngo/Projects_local_disk/thainow-mono-ui/functions/node_modules/firebase-admin/lib/index.js\"}"}}
[debug] [2024-02-24T07:07:06.212Z] [runtime-status] [5279] Resolved module firebase-functions {"declared":true,"installed":true,"version":"4.7.0","resolution":"/Users/kevinngo/Projects_local_disk/thainow-mono-ui/functions/node_modules/firebase-functions/lib/v1/index.js"} {"metadata":{"emulator":{"name":"functions"},"function":{"name":"us-central1-addsocialmeta"},"extension":{},"message":"[runtime-status] [5279] Resolved module firebase-functions {\"declared\":true,\"installed\":true,\"version\":\"4.7.0\",\"resolution\":\"/Users/kevinngo/Projects_local_disk/thainow-mono-ui/functions/node_modules/firebase-functions/lib/v1/index.js\"}"}}
[debug] [2024-02-24T07:07:06.212Z] [runtime-status] [5279] Outgoing network have been stubbed. [{"name":"http","status":"mocked"},{"name":"http","status":"mocked"},{"name":"https","status":"mocked"},{"name":"https","status":"mocked"},{"name":"net","status":"mocked"}] {"metadata":{"emulator":{"name":"functions"},"function":{"name":"us-central1-addsocialmeta"},"extension":{},"message":"[runtime-status] [5279] Outgoing network have been stubbed. [{\"name\":\"http\",\"status\":\"mocked\"},{\"name\":\"http\",\"status\":\"mocked\"},{\"name\":\"https\",\"status\":\"mocked\"},{\"name\":\"https\",\"status\":\"mocked\"},{\"name\":\"net\",\"status\":\"mocked\"}]"}}
[debug] [2024-02-24T07:07:06.214Z] [runtime-status] [5279] Resolved module firebase-functions {"declared":true,"installed":true,"version":"4.7.0","resolution":"/Users/kevinngo/Projects_local_disk/thainow-mono-ui/functions/node_modules/firebase-functions/lib/v1/index.js"} {"metadata":{"emulator":{"name":"functions"},"function":{"name":"us-central1-addsocialmeta"},"extension":{},"message":"[runtime-status] [5279] Resolved module firebase-functions {\"declared\":true,\"installed\":true,\"version\":\"4.7.0\",\"resolution\":\"/Users/kevinngo/Projects_local_disk/thainow-mono-ui/functions/node_modules/firebase-functions/lib/v1/index.js\"}"}}
[debug] [2024-02-24T07:07:06.316Z] [runtime-status] [5279] Checked functions.config() {"config":{}} {"metadata":{"emulator":{"name":"functions"},"function":{"name":"us-central1-addsocialmeta"},"extension":{},"message":"[runtime-status] [5279] Checked functions.config() {\"config\":{}}"}}
[debug] [2024-02-24T07:07:06.316Z] [runtime-status] [5279] firebase-functions has been stubbed. {"functionsResolution":{"declared":true,"installed":true,"version":"4.7.0","resolution":"/Users/kevinngo/Projects_local_disk/thainow-mono-ui/functions/node_modules/firebase-functions/lib/v1/index.js"}} {"metadata":{"emulator":{"name":"functions"},"function":{"name":"us-central1-addsocialmeta"},"extension":{},"message":"[runtime-status] [5279] firebase-functions has been stubbed. {\"functionsResolution\":{\"declared\":true,\"installed\":true,\"version\":\"4.7.0\",\"resolution\":\"/Users/kevinngo/Projects_local_disk/thainow-mono-ui/functions/node_modules/firebase-functions/lib/v1/index.js\"}}"}}
[debug] [2024-02-24T07:07:06.318Z] [runtime-status] [5279] Resolved module firebase-functions {"declared":true,"installed":true,"version":"4.7.0","resolution":"/Users/kevinngo/Projects_local_disk/thainow-mono-ui/functions/node_modules/firebase-functions/lib/v1/index.js"} {"metadata":{"emulator":{"name":"functions"},"function":{"name":"us-central1-addsocialmeta"},"extension":{},"message":"[runtime-status] [5279] Resolved module firebase-functions {\"declared\":true,\"installed\":true,\"version\":\"4.7.0\",\"resolution\":\"/Users/kevinngo/Projects_local_disk/thainow-mono-ui/functions/node_modules/firebase-functions/lib/v1/index.js\"}"}}
[debug] [2024-02-24T07:07:06.319Z] [runtime-status] [5279] Resolved module firebase-admin {"declared":true,"installed":true,"version":"10.3.0","resolution":"/Users/kevinngo/Projects_local_disk/thainow-mono-ui/functions/node_modules/firebase-admin/lib/index.js"} {"metadata":{"emulator":{"name":"functions"},"function":{"name":"us-central1-addsocialmeta"},"extension":{},"message":"[runtime-status] [5279] Resolved module firebase-admin {\"declared\":true,\"installed\":true,\"version\":\"10.3.0\",\"resolution\":\"/Users/kevinngo/Projects_local_disk/thainow-mono-ui/functions/node_modules/firebase-admin/lib/index.js\"}"}}
[debug] [2024-02-24T07:07:06.319Z] [runtime-status] [5279] Resolved module firebase-functions {"declared":true,"installed":true,"version":"4.7.0","resolution":"/Users/kevinngo/Projects_local_disk/thainow-mono-ui/functions/node_modules/firebase-functions/lib/v1/index.js"} {"metadata":{"emulator":{"name":"functions"},"function":{"name":"us-central1-addsocialmeta"},"extension":{},"message":"[runtime-status] [5279] Resolved module firebase-functions {\"declared\":true,\"installed\":true,\"version\":\"4.7.0\",\"resolution\":\"/Users/kevinngo/Projects_local_disk/thainow-mono-ui/functions/node_modules/firebase-functions/lib/v1/index.js\"}"}}
[debug] [2024-02-24T07:07:06.320Z] [runtime-status] [5279] firebase-admin has been stubbed. {"adminResolution":{"declared":true,"installed":true,"version":"10.3.0","resolution":"/Users/kevinngo/Projects_local_disk/thainow-mono-ui/functions/node_modules/firebase-admin/lib/index.js"}} {"metadata":{"emulator":{"name":"functions"},"function":{"name":"us-central1-addsocialmeta"},"extension":{},"message":"[runtime-status] [5279] firebase-admin has been stubbed. {\"adminResolution\":{\"declared\":true,\"installed\":true,\"version\":\"10.3.0\",\"resolution\":\"/Users/kevinngo/Projects_local_disk/thainow-mono-ui/functions/node_modules/firebase-admin/lib/index.js\"}}"}}
[debug] [2024-02-24T07:07:06.378Z] [runtime-status] [5279] Functions runtime initialized. {"cwd":"/Users/kevinngo/Projects_local_disk/thainow-mono-ui/functions","node_version":"16.16.0"} {"metadata":{"emulator":{"name":"functions"},"function":{"name":"us-central1-addsocialmeta"},"extension":{},"message":"[runtime-status] [5279] Functions runtime initialized. {\"cwd\":\"/Users/kevinngo/Projects_local_disk/thainow-mono-ui/functions\",\"node_version\":\"16.16.0\"}"}}
[debug] [2024-02-24T07:07:06.379Z] [runtime-status] [5279] Listening to port: /var/folders/_4/mqrpft8s60schjjkrpm9n19c0000gn/T/fire_emu_14c24e7bc87e815b.sock {"metadata":{"emulator":{"name":"functions"},"function":{"name":"us-central1-addsocialmeta"},"extension":{},"message":"[runtime-status] [5279] Listening to port: /var/folders/_4/mqrpft8s60schjjkrpm9n19c0000gn/T/fire_emu_14c24e7bc87e815b.sock"}}
[debug] [2024-02-24T07:07:06.438Z] [worker-us-central1-addsocialmeta-41af8a82-112c-4c38-a68b-3d57306920c4]: IDLE {"metadata":{"emulator":{"name":"functions"},"function":{"name":"us-central1-addsocialmeta"},"extension":{},"message":"[worker-us-central1-addsocialmeta-41af8a82-112c-4c38-a68b-3d57306920c4]: IDLE"}}
[debug] [2024-02-24T07:07:06.438Z] [worker-pool] submitRequest(triggerId=us-central1-addsocialmeta) {"metadata":{"emulator":{"name":"functions"},"message":"[worker-pool] submitRequest(triggerId=us-central1-addsocialmeta)"}}
[info] i  functions: Beginning execution of "us-central1-addsocialmeta" {"metadata":{"emulator":{"name":"functions"},"function":{"name":"us-central1-addsocialmeta"},"extension":{},"message":"Beginning execution of \"us-central1-addsocialmeta\""}}
[debug] [2024-02-24T07:07:06.439Z] [worker-us-central1-addsocialmeta-41af8a82-112c-4c38-a68b-3d57306920c4]: BUSY {"metadata":{"emulator":{"name":"functions"},"function":{"name":"us-central1-addsocialmeta"},"extension":{},"message":"[worker-us-central1-addsocialmeta-41af8a82-112c-4c38-a68b-3d57306920c4]: BUSY"}}
[info] >  Calling function for URL: /guidebook/71 {"user":"Calling function for URL: /guidebook/71","metadata":{"emulator":{"name":"functions"},"function":{"name":"us-central1-addsocialmeta"},"extension":{},"message":"\u001b[90m> \u001b[39m Calling function for URL: /guidebook/71"}}
[debug] [2024-02-24T07:07:06.449Z] Finishing up request with event=pause {"metadata":{"emulator":{"name":"functions"},"function":{"name":"us-central1-addsocialmeta"},"extension":{},"message":"Finishing up request with event=pause"}}
[info] i  functions: Finished "us-central1-addsocialmeta" in 10.359333ms {"metadata":{"emulator":{"name":"functions"},"function":{"name":"us-central1-addsocialmeta"},"extension":{},"message":"Finished \"us-central1-addsocialmeta\" in 10.359333ms"}}
[debug] [2024-02-24T07:07:06.449Z] [worker-us-central1-addsocialmeta-41af8a82-112c-4c38-a68b-3d57306920c4]: IDLE {"metadata":{"emulator":{"name":"functions"},"function":{"name":"us-central1-addsocialmeta"},"extension":{},"message":"[worker-us-central1-addsocialmeta-41af8a82-112c-4c38-a68b-3d57306920c4]: IDLE"}}
[debug] [2024-02-24T07:07:06.449Z] Finishing up request with event=finish {"metadata":{"emulator":{"name":"functions"},"function":{"name":"us-central1-addsocialmeta"},"extension":{},"message":"Finishing up request with event=finish"}}
[debug] [2024-02-24T07:07:06.450Z] Finishing up request with event=close {"metadata":{"emulator":{"name":"functions"},"function":{"name":"us-central1-addsocialmeta"},"extension":{},"message":"Finishing up request with event=close"}}
[debug] [2024-02-24T07:07:06.450Z] [work-queue] {"queuedWork":[],"queueLength":0,"runningWork":[],"workRunningCount":0}
[debug] [2024-02-24T07:07:06.451Z] <<< [apiv2][status] GET http://127.0.0.1:5001/mono-thainow-dev/us-central1/addsocialmeta/guidebook/71 304
[debug] [2024-02-24T07:07:06.451Z] <<< [apiv2][body] GET http://127.0.0.1:5001/mono-thainow-dev/us-central1/addsocialmeta/guidebook/71 [stream]
[info] i  hosting: 127.0.0.1 - - [24/Feb/2024:07:07:06 +0000] "GET /guidebook/71 HTTP/1.1" 304 - "-" "Mozilla/5.0 (Macintosh; Intel Mac OS X 10_15_7) AppleWebKit/537.36 (KHTML, like Gecko) Chrome/121.0.0.0 Safari/537.36" {"metadata":{"emulator":{"name":"hosting"},"message":"127.0.0.1 - - [24/Feb/2024:07:07:06 +0000] \"GET /guidebook/71 HTTP/1.1\" 304 - \"-\" \"Mozilla/5.0 (Macintosh; Intel Mac OS X 10_15_7) AppleWebKit/537.36 (KHTML, like Gecko) Chrome/121.0.0.0 Safari/537.36\""}}
[info] i  hosting: 127.0.0.1 - - [24/Feb/2024:07:07:07 +0000] "GET /static/js/main.7f8379ef.js.map HTTP/1.1" 200 - "-" "Mozilla/5.0 (Macintosh; Intel Mac OS X 10_15_7) AppleWebKit/537.36 (KHTML, like Gecko) Chrome/121.0.0.0 Safari/537.36" {"metadata":{"emulator":{"name":"hosting"},"message":"127.0.0.1 - - [24/Feb/2024:07:07:07 +0000] \"GET /static/js/main.7f8379ef.js.map HTTP/1.1\" 200 - \"-\" \"Mozilla/5.0 (Macintosh; Intel Mac OS X 10_15_7) AppleWebKit/537.36 (KHTML, like Gecko) Chrome/121.0.0.0 Safari/537.36\""}}
[debug] [2024-02-24T07:08:33.839Z] File /Users/kevinngo/Projects_local_disk/thainow-mono-ui/functions/index.js changed, reloading triggers {"metadata":{"emulator":{"name":"functions"},"message":"File /Users/kevinngo/Projects_local_disk/thainow-mono-ui/functions/index.js changed, reloading triggers"}}
[debug] [2024-02-24T07:08:34.847Z] Validating nodejs source
[debug] [2024-02-24T07:08:36.116Z] > [functions] package.json contents: {
  "name": "functions",
  "description": "Cloud Functions for Firebase",
  "scripts": {
    "lint": "eslint .",
    "serve": "firebase emulators:start --only functions",
    "shell": "firebase functions:shell",
    "start": "npm run shell",
    "deploy": "firebase deploy --only functions",
    "logs": "firebase functions:log"
  },
  "engines": {
    "node": "16"
  },
  "main": "index.js",
  "dependencies": {
    "express": "^4.18.2",
    "firebase-admin": "^10.0.2",
    "firebase-functions": "^4.7.0",
    "path": "^0.12.7",
    "sharp": "^0.31.0",
    "prerender-node": "^3.7.0"
  },
  "devDependencies": {
    "eslint": "^8.9.0",
    "eslint-config-google": "^0.14.0",
    "firebase-functions-test": "^0.2.0",
    "prerender-node": "^3.7.0"
  },
  "private": true
}
[debug] [2024-02-24T07:08:36.117Z] Building nodejs source
[debug] [2024-02-24T07:08:36.117Z] Failed to find version of module node: reached end of search path /Users/kevinngo/Projects_local_disk/thainow-mono-ui/functions/node_modules
[info] ✔  functions: Using node@16 from host. 
[debug] [2024-02-24T07:08:36.121Z] Could not find functions.yaml. Must use http discovery
[debug] [2024-02-24T07:08:36.127Z] Found firebase-functions binary at '/Users/kevinngo/Projects_local_disk/thainow-mono-ui/functions/node_modules/.bin/firebase-functions'
[debug] [2024-02-24T07:08:36.435Z] Serving at port 8816

[debug] [2024-02-24T07:08:36.632Z] Got response from /__/functions.yaml {"endpoints":{"addsocialmeta":{"platform":"gcfv1","availableMemoryMb":null,"timeoutSeconds":null,"minInstances":null,"maxInstances":null,"ingressSettings":null,"serviceAccountEmail":null,"vpc":null,"httpsTrigger":{},"entryPoint":"addsocialmeta"}},"specVersion":"v1alpha1","requiredAPIs":[]}
[info] ✔  functions: Loaded functions definitions from source: addsocialmeta. {"metadata":{"emulator":{"name":"functions"},"message":"Loaded functions definitions from source: addsocialmeta."}}
[debug] [2024-02-24T07:08:36.653Z] [worker-pool] Shutting down IDLE worker (us-central1-addsocialmeta) {"metadata":{"emulator":{"name":"functions"},"message":"[worker-pool] Shutting down IDLE worker (us-central1-addsocialmeta)"}}
[debug] [2024-02-24T07:08:36.654Z] [worker-us-central1-addsocialmeta-41af8a82-112c-4c38-a68b-3d57306920c4]: FINISHING {"metadata":{"emulator":{"name":"functions"},"function":{"name":"us-central1-addsocialmeta"},"extension":{},"message":"[worker-us-central1-addsocialmeta-41af8a82-112c-4c38-a68b-3d57306920c4]: FINISHING"}}
[debug] [2024-02-24T07:08:36.661Z] [worker-us-central1-addsocialmeta-41af8a82-112c-4c38-a68b-3d57306920c4]: exited {"metadata":{"emulator":{"name":"functions"},"function":{"name":"us-central1-addsocialmeta"},"extension":{},"message":"[worker-us-central1-addsocialmeta-41af8a82-112c-4c38-a68b-3d57306920c4]: exited"}}
[debug] [2024-02-24T07:08:36.661Z] [worker-us-central1-addsocialmeta-41af8a82-112c-4c38-a68b-3d57306920c4]: FINISHED {"metadata":{"emulator":{"name":"functions"},"function":{"name":"us-central1-addsocialmeta"},"extension":{},"message":"[worker-us-central1-addsocialmeta-41af8a82-112c-4c38-a68b-3d57306920c4]: FINISHED"}}
[debug] [2024-02-24T07:14:35.687Z] Received signal SIGINT (Ctrl-C) 1
[info]  
[info] i  emulators: Received SIGINT (Ctrl-C) for the first time. Starting a clean shutdown. 
[info] i  emulators: Please wait for a clean shutdown or send the SIGINT (Ctrl-C) signal again to stop right now. 
[info] i  emulators: Shutting down emulators. {"metadata":{"emulator":{"name":"hub"},"message":"Shutting down emulators."}}
[info] i  ui: Stopping Emulator UI {"metadata":{"emulator":{"name":"ui"},"message":"Stopping Emulator UI"}}
[warn] ⚠  Emulator UI has exited upon receiving signal: SIGINT 
[info] i  functions: Stopping Functions Emulator {"metadata":{"emulator":{"name":"functions"},"message":"Stopping Functions Emulator"}}
[info] i  hosting: Stopping Hosting Emulator {"metadata":{"emulator":{"name":"hosting"},"message":"Stopping Hosting Emulator"}}
[info] i  eventarc: Stopping Eventarc Emulator {"metadata":{"emulator":{"name":"eventarc"},"message":"Stopping Eventarc Emulator"}}
[info] i  hub: Stopping emulator hub {"metadata":{"emulator":{"name":"hub"},"message":"Stopping emulator hub"}}
[info] i  logging: Stopping Logging Emulator {"metadata":{"emulator":{"name":"logging"},"message":"Stopping Logging Emulator"}}
